[0.000000] (-) TimerEvent: {}
[0.000129] (my_first_package) JobQueued: {'identifier': 'my_first_package', 'dependencies': OrderedDict()}
[0.000285] (phantom_control) JobQueued: {'identifier': 'phantom_control', 'dependencies': OrderedDict()}
[0.000311] (phantom_coppelia) JobQueued: {'identifier': 'phantom_coppelia', 'dependencies': OrderedDict()}
[0.000330] (phantom_description) JobQueued: {'identifier': 'phantom_description', 'dependencies': OrderedDict()}
[0.000347] (phantom_vision) JobQueued: {'identifier': 'phantom_vision', 'dependencies': OrderedDict()}
[0.000801] (my_first_package) JobStarted: {'identifier': 'my_first_package'}
[0.008421] (phantom_control) JobStarted: {'identifier': 'phantom_control'}
[0.011186] (phantom_coppelia) JobStarted: {'identifier': 'phantom_coppelia'}
[0.013934] (phantom_description) JobStarted: {'identifier': 'phantom_description'}
[0.016852] (phantom_vision) JobStarted: {'identifier': 'phantom_vision'}
[0.099776] (-) TimerEvent: {}
[0.199948] (-) TimerEvent: {}
[0.239003] (phantom_control) JobProgress: {'identifier': 'phantom_control', 'progress': 'cmake'}
[0.239201] (phantom_control) Command: {'cmd': ['/home/alejandro/.local/share/mamba/envs/ros_env/bin/cmake', '/home/alejandro/ros2_ws/phantom_ws/src/phantomx-workbench/phantom_control', '-DCMAKE_INSTALL_PREFIX=/home/alejandro/ros2_ws/install/phantom_control'], 'cwd': '/home/alejandro/ros2_ws/build/phantom_control', 'env': OrderedDict([('LESSOPEN', '| /usr/bin/lesspipe %s'), ('CONDA_PROMPT_MODIFIER', '(ros_env)'), ('USER', 'alejandro'), ('CXXFLAGS', '-fvisibility-inlines-hidden -fmessage-length=0 -march=nocona -mtune=haswell -ftree-vectorize -fPIC -fstack-protector-strong -fno-plt -O2 -ffunction-sections -pipe -isystem /home/alejandro/.local/share/mamba/envs/ros_env/include'), ('GCC_RANLIB', '/home/alejandro/.local/share/mamba/envs/ros_env/bin/x86_64-conda-linux-gnu-gcc-ranlib'), ('XDG_SESSION_TYPE', 'wayland'), ('OBJCOPY', '/home/alejandro/.local/share/mamba/envs/ros_env/bin/x86_64-conda-linux-gnu-objcopy'), ('DEBUG_CXXFLAGS', '-fvisibility-inlines-hidden -fmessage-length=0 -march=nocona -mtune=haswell -ftree-vectorize -fPIC -fstack-protector-all -fno-plt -Og -g -Wall -Wextra -fvar-tracking-assignments -ffunction-sections -pipe -isystem /home/alejandro/.local/share/mamba/envs/ros_env/include'), ('ROS_ETC_DIR', '/home/alejandro/.local/share/mamba/envs/ros_env/etc/ros'), ('SIZE', '/home/alejandro/.local/share/mamba/envs/ros_env/bin/x86_64-conda-linux-gnu-size'), ('SHLVL', '1'), ('LD_LIBRARY_PATH', '/home/alejandro/.local/share/mamba/envs/ros_env/lib:/home/alejandro/.local/share/mamba/envs/ros_env/opt/rviz_ogre_vendor/lib'), ('HOME', '/home/alejandro'), ('CC_FOR_BUILD', '/home/alejandro/.local/share/mamba/envs/ros_env/bin/x86_64-conda-linux-gnu-cc'), ('CONDA_SHLVL', '2'), ('OLDPWD', '/home/alejandro'), ('DESKTOP_SESSION', 'ubuntu'), ('CONDA_TOOLCHAIN_BUILD', 'x86_64-conda-linux-gnu'), ('F90', '/home/alejandro/.local/share/mamba/envs/ros_env/bin/x86_64-conda-linux-gnu-gfortran'), ('ROS_PYTHON_VERSION', '3'), ('GNOME_SHELL_SESSION_MODE', 'ubuntu'), ('GTK_MODULES', 'gail:atk-bridge'), ('LDFLAGS', '-Wl,-O2 -Wl,--sort-common -Wl,--as-needed -Wl,-z,relro -Wl,-z,now -Wl,--disable-new-dtags -Wl,--gc-sections -Wl,--allow-shlib-undefined -Wl,-rpath,/home/alejandro/.local/share/mamba/envs/ros_env/lib -Wl,-rpath-link,/home/alejandro/.local/share/mamba/envs/ros_env/lib -L/home/alejandro/.local/share/mamba/envs/ros_env/lib'), ('FC', '/home/alejandro/.local/share/mamba/envs/ros_env/bin/x86_64-conda-linux-gnu-gfortran'), ('STRINGS', '/home/alejandro/.local/share/mamba/envs/ros_env/bin/x86_64-conda-linux-gnu-strings'), ('SYSTEMD_EXEC_PID', '1605'), ('DBUS_SESSION_BUS_ADDRESS', 'unix:path=/run/user/1000/bus'), ('COLORTERM', 'truecolor'), ('CPP', '/home/alejandro/.local/share/mamba/envs/ros_env/bin/x86_64-conda-linux-gnu-cpp'), ('F77', '/home/alejandro/.local/share/mamba/envs/ros_env/bin/x86_64-conda-linux-gnu-gfortran'), ('F95', '/home/alejandro/.local/share/mamba/envs/ros_env/bin/x86_64-conda-linux-gnu-f95'), ('IM_CONFIG_PHASE', '1'), ('WAYLAND_DISPLAY', 'wayland-0'), ('ELFEDIT', '/home/alejandro/.local/share/mamba/envs/ros_env/bin/x86_64-conda-linux-gnu-elfedit'), ('STRIP', '/home/alejandro/.local/share/mamba/envs/ros_env/bin/x86_64-conda-linux-gnu-strip'), ('ROS_DISTRO', 'humble'), ('LOGNAME', 'alejandro'), ('GCC', '/home/alejandro/.local/share/mamba/envs/ros_env/bin/x86_64-conda-linux-gnu-gcc'), ('_', '/home/alejandro/.local/share/mamba/envs/ros_env/bin/colcon'), ('ROS_VERSION', '2'), ('READELF', '/home/alejandro/.local/share/mamba/envs/ros_env/bin/x86_64-conda-linux-gnu-readelf'), ('XDG_SESSION_CLASS', 'user'), ('AR', '/home/alejandro/.local/share/mamba/envs/ros_env/bin/x86_64-conda-linux-gnu-ar'), ('USERNAME', 'alejandro'), ('GXX', '/home/alejandro/.local/share/mamba/envs/ros_env/bin/x86_64-conda-linux-gnu-g++'), ('FC_FOR_BUILD', '/home/alejandro/.local/share/mamba/envs/ros_env/bin/x86_64-conda-linux-gnu-gfortran'), ('TERM', 'xterm-256color'), ('AS', '/home/alejandro/.local/share/mamba/envs/ros_env/bin/x86_64-conda-linux-gnu-as'), ('COPPELIASIM_ROOT_DIR', '/home/alejandro/CoppeliaSim'), ('GNOME_DESKTOP_SESSION_ID', 'this-is-deprecated'), ('ROS_LOCALHOST_ONLY', '0'), ('CXXFILT', '/home/alejandro/.local/share/mamba/envs/ros_env/bin/x86_64-conda-linux-gnu-c++filt'), ('ROS_OS_OVERRIDE', 'conda:linux'), ('BUILD', 'x86_64-conda-linux-gnu'), ('PATH', '/home/alejandro/.local/share/mamba/envs/ros_env/bin:/home/alejandro/miniforge3/condabin:/usr/local/sbin:/usr/local/bin:/usr/sbin:/usr/bin:/sbin:/bin:/usr/games:/usr/local/games:/snap/bin'), ('SESSION_MANAGER', 'local/SB3:@/tmp/.ICE-unix/1258,unix/SB3:/tmp/.ICE-unix/1258'), ('PROJ_NETWORK', 'ON'), ('XDG_MENU_PREFIX', 'gnome-'), ('build_alias', 'x86_64-conda-linux-gnu'), ('GNOME_TERMINAL_SCREEN', '/org/gnome/Terminal/screen/79cfbfa2_1dde_492a_8f83_f2207b1568de'), ('GNOME_SETUP_DISPLAY', ':1'), ('PROJ_DATA', '/home/alejandro/.local/share/mamba/envs/ros_env/share/proj'), ('XDG_RUNTIME_DIR', '/run/user/1000'), ('CFLAGS', '-march=nocona -mtune=haswell -ftree-vectorize -fPIC -fstack-protector-strong -fno-plt -O2 -ffunction-sections -pipe -isystem /home/alejandro/.local/share/mamba/envs/ros_env/include'), ('MAMBA_ROOT_PREFIX', '/home/alejandro/.local/share/mamba'), ('GCC_AR', '/home/alejandro/.local/share/mamba/envs/ros_env/bin/x86_64-conda-linux-gnu-gcc-ar'), ('DISPLAY', ':0'), ('LANG', 'en_US.UTF-8'), ('DEBUG_CFLAGS', '-march=nocona -mtune=haswell -ftree-vectorize -fPIC -fstack-protector-all -fno-plt -Og -g -Wall -Wextra -fvar-tracking-assignments -ffunction-sections -pipe -isystem /home/alejandro/.local/share/mamba/envs/ros_env/include'), ('XDG_CURRENT_DESKTOP', 'ubuntu:GNOME'), ('CONDA_PREFIX_1', '/home/alejandro/miniforge3'), ('_CONDA_PYTHON_SYSCONFIGDATA_NAME', '_sysconfigdata_x86_64_conda_cos6_linux_gnu'), ('XMODIFIERS', '@im=ibus'), ('XDG_SESSION_DESKTOP', 'ubuntu'), ('XAUTHORITY', '/run/user/1000/.mutter-Xwaylandauth.9MX222'), ('MESON_ARGS', '-Dbuildtype=release'), ('LS_COLORS', 'rs=0:di=01;34:ln=01;36:mh=00:pi=40;33:so=01;35:do=01;35:bd=40;33;01:cd=40;33;01:or=40;31;01:mi=00:su=37;41:sg=30;43:ca=30;41:tw=30;42:ow=34;42:st=37;44:ex=01;32:*.tar=01;31:*.tgz=01;31:*.arc=01;31:*.arj=01;31:*.taz=01;31:*.lha=01;31:*.lz4=01;31:*.lzh=01;31:*.lzma=01;31:*.tlz=01;31:*.txz=01;31:*.tzo=01;31:*.t7z=01;31:*.zip=01;31:*.z=01;31:*.dz=01;31:*.gz=01;31:*.lrz=01;31:*.lz=01;31:*.lzo=01;31:*.xz=01;31:*.zst=01;31:*.tzst=01;31:*.bz2=01;31:*.bz=01;31:*.tbz=01;31:*.tbz2=01;31:*.tz=01;31:*.deb=01;31:*.rpm=01;31:*.jar=01;31:*.war=01;31:*.ear=01;31:*.sar=01;31:*.rar=01;31:*.alz=01;31:*.ace=01;31:*.zoo=01;31:*.cpio=01;31:*.7z=01;31:*.rz=01;31:*.cab=01;31:*.wim=01;31:*.swm=01;31:*.dwm=01;31:*.esd=01;31:*.jpg=01;35:*.jpeg=01;35:*.mjpg=01;35:*.mjpeg=01;35:*.gif=01;35:*.bmp=01;35:*.pbm=01;35:*.pgm=01;35:*.ppm=01;35:*.tga=01;35:*.xbm=01;35:*.xpm=01;35:*.tif=01;35:*.tiff=01;35:*.png=01;35:*.svg=01;35:*.svgz=01;35:*.mng=01;35:*.pcx=01;35:*.mov=01;35:*.mpg=01;35:*.mpeg=01;35:*.m2v=01;35:*.mkv=01;35:*.webm=01;35:*.webp=01;35:*.ogm=01;35:*.mp4=01;35:*.m4v=01;35:*.mp4v=01;35:*.vob=01;35:*.qt=01;35:*.nuv=01;35:*.wmv=01;35:*.asf=01;35:*.rm=01;35:*.rmvb=01;35:*.flc=01;35:*.avi=01;35:*.fli=01;35:*.flv=01;35:*.gl=01;35:*.dl=01;35:*.xcf=01;35:*.xwd=01;35:*.yuv=01;35:*.cgm=01;35:*.emf=01;35:*.ogv=01;35:*.ogx=01;35:*.aac=00;36:*.au=00;36:*.flac=00;36:*.m4a=00;36:*.mid=00;36:*.midi=00;36:*.mka=00;36:*.mp3=00;36:*.mpc=00;36:*.ogg=00;36:*.ra=00;36:*.wav=00;36:*.oga=00;36:*.opus=00;36:*.spx=00;36:*.xspf=00;36:'), ('GNOME_TERMINAL_SERVICE', ':1.139'), ('SSH_AGENT_LAUNCHER', 'gnome-keyring'), ('SSH_AUTH_SOCK', '/run/user/1000/keyring/ssh'), ('XML_CATALOG_FILES', 'file:///home/alejandro/.local/share/mamba/envs/ros_env/etc/xml/catalog file:///etc/xml/catalog'), ('GSETTINGS_SCHEMA_DIR', '/home/alejandro/.local/share/mamba/envs/ros_env/share/glib-2.0/schemas'), ('AMENT_PREFIX_PATH', '/home/alejandro/.local/share/mamba/envs/ros_env'), ('CPPFLAGS', '-DNDEBUG -D_FORTIFY_SOURCE=2 -O2 -isystem /home/alejandro/.local/share/mamba/envs/ros_env/include'), ('CONDA_PYTHON_EXE', '/home/alejandro/miniforge3/bin/python'), ('SHELL', '/bin/bash'), ('DEBUG_FFLAGS', '-march=nocona -mtune=haswell -ftree-vectorize -fPIC -fstack-protector-strong -fno-plt -O2 -ffunction-sections -pipe -isystem /home/alejandro/.local/share/mamba/envs/ros_env/include -I/home/alejandro/.local/share/mamba/envs/ros_env/include -march=nocona -mtune=haswell -ftree-vectorize -fPIC -fstack-protector-all -fno-plt -Og -g -Wall -Wextra -fcheck=all -fbacktrace -fimplicit-none -fvar-tracking-assignments -ffunction-sections -pipe'), ('CMAKE_ARGS', '-DCMAKE_AR=/home/alejandro/.local/share/mamba/envs/ros_env/bin/x86_64-conda-linux-gnu-ar -DCMAKE_CXX_COMPILER_AR=/home/alejandro/.local/share/mamba/envs/ros_env/bin/x86_64-conda-linux-gnu-gcc-ar -DCMAKE_C_COMPILER_AR=/home/alejandro/.local/share/mamba/envs/ros_env/bin/x86_64-conda-linux-gnu-gcc-ar -DCMAKE_RANLIB=/home/alejandro/.local/share/mamba/envs/ros_env/bin/x86_64-conda-linux-gnu-ranlib -DCMAKE_CXX_COMPILER_RANLIB=/home/alejandro/.local/share/mamba/envs/ros_env/bin/x86_64-conda-linux-gnu-gcc-ranlib -DCMAKE_C_COMPILER_RANLIB=/home/alejandro/.local/share/mamba/envs/ros_env/bin/x86_64-conda-linux-gnu-gcc-ranlib -DCMAKE_LINKER=/home/alejandro/.local/share/mamba/envs/ros_env/bin/x86_64-conda-linux-gnu-ld -DCMAKE_STRIP=/home/alejandro/.local/share/mamba/envs/ros_env/bin/x86_64-conda-linux-gnu-strip -DCMAKE_BUILD_TYPE=Release'), ('HOST', 'x86_64-conda-linux-gnu'), ('QT_ACCESSIBILITY', '1'), ('CXX', '/home/alejandro/.local/share/mamba/envs/ros_env/bin/x86_64-conda-linux-gnu-c++'), ('DEBUG_CPPFLAGS', '-D_DEBUG -D_FORTIFY_SOURCE=2 -Og -isystem /home/alejandro/.local/share/mamba/envs/ros_env/include'), ('GDMSESSION', 'ubuntu'), ('LESSCLOSE', '/usr/bin/lesspipe %s %s'), ('DEBUG_FORTRANFLAGS', '-march=nocona -mtune=haswell -ftree-vectorize -fPIC -fstack-protector-strong -fno-plt -O2 -ffunction-sections -pipe -isystem /home/alejandro/.local/share/mamba/envs/ros_env/include -I/home/alejandro/.local/share/mamba/envs/ros_env/include -march=nocona -mtune=haswell -ftree-vectorize -fPIC -fstack-protector-all -fno-plt -Og -g -Wall -Wextra -fcheck=all -fbacktrace -fimplicit-none -fvar-tracking-assignments -ffunction-sections -pipe'), ('CONDA_DEFAULT_ENV', 'ros_env'), ('ADDR2LINE', '/home/alejandro/.local/share/mamba/envs/ros_env/bin/x86_64-conda-linux-gnu-addr2line'), ('MAMBA_EXE', '/home/alejandro/miniforge3/bin/mamba'), ('GCC_NM', '/home/alejandro/.local/share/mamba/envs/ros_env/bin/x86_64-conda-linux-gnu-gcc-nm'), ('GFORTRAN', '/home/alejandro/.local/share/mamba/envs/ros_env/bin/x86_64-conda-linux-gnu-gfortran'), ('CONDA_BUILD_SYSROOT', '/home/alejandro/.local/share/mamba/envs/ros_env/x86_64-conda-linux-gnu/sysroot'), ('QT_IM_MODULE', 'ibus'), ('PWD', '/home/alejandro/ros2_ws/build/phantom_control'), ('LD_GOLD', '/home/alejandro/.local/share/mamba/envs/ros_env/bin/x86_64-conda-linux-gnu-ld.gold'), ('LC_ALL', 'en_US.UTF-8'), ('XDG_CONFIG_DIRS', '/etc/xdg/xdg-ubuntu:/etc/xdg'), ('CONDA_EXE', '/home/alejandro/miniforge3/bin/conda'), ('FFLAGS', '-march=nocona -mtune=haswell -ftree-vectorize -fPIC -fstack-protector-strong -fno-plt -O2 -ffunction-sections -pipe -isystem /home/alejandro/.local/share/mamba/envs/ros_env/include -I/home/alejandro/.local/share/mamba/envs/ros_env/include'), ('LD', '/home/alejandro/.local/share/mamba/envs/ros_env/bin/x86_64-conda-linux-gnu-ld'), ('XDG_DATA_DIRS', '/usr/share/ubuntu:/home/alejandro/.local/share/flatpak/exports/share:/var/lib/flatpak/exports/share:/usr/local/share/:/usr/share/:/var/lib/snapd/desktop'), ('PYTHONPATH', '/home/alejandro/.local/share/mamba/envs/ros_env/lib/python311/site-packages:/home/alejandro/.local/share/mamba/envs/ros_env/lib/python3.11/site-packages'), ('GPROF', '/home/alejandro/.local/share/mamba/envs/ros_env/bin/x86_64-conda-linux-gnu-gprof'), ('DWP', '/home/alejandro/.local/share/mamba/envs/ros_env/bin/x86_64-conda-linux-gnu-dwp'), ('CONDA_PREFIX', '/home/alejandro/.local/share/mamba/envs/ros_env'), ('GSETTINGS_SCHEMA_DIR_CONDA_BACKUP', ''), ('CONDA_TOOLCHAIN_HOST', 'x86_64-conda-linux-gnu'), ('host_alias', 'x86_64-conda-linux-gnu'), ('FORTRANFLAGS', '-march=nocona -mtune=haswell -ftree-vectorize -fPIC -fstack-protector-strong -fno-plt -O2 -ffunction-sections -pipe -isystem /home/alejandro/.local/share/mamba/envs/ros_env/include -I/home/alejandro/.local/share/mamba/envs/ros_env/include'), ('CC', '/home/alejandro/.local/share/mamba/envs/ros_env/bin/x86_64-conda-linux-gnu-cc'), ('RANLIB', '/home/alejandro/.local/share/mamba/envs/ros_env/bin/x86_64-conda-linux-gnu-ranlib'), ('COLCON', '1'), ('VTE_VERSION', '6800'), ('CXX_FOR_BUILD', '/home/alejandro/.local/share/mamba/envs/ros_env/bin/x86_64-conda-linux-gnu-c++'), ('CMAKE_PREFIX_PATH', '/opt/ros/humble:/home/alejandro/.local/share/mamba/envs/ros_env:/home/alejandro/.local/share/mamba/envs/ros_env/x86_64-conda-linux-gnu/sysroot/usr'), ('NM', '/home/alejandro/.local/share/mamba/envs/ros_env/bin/x86_64-conda-linux-gnu-nm'), ('OBJDUMP', '/home/alejandro/.local/share/mamba/envs/ros_env/bin/x86_64-conda-linux-gnu-objdump')]), 'shell': False}
[0.241922] (phantom_coppelia) JobProgress: {'identifier': 'phantom_coppelia', 'progress': 'cmake'}
[0.242103] (phantom_coppelia) Command: {'cmd': ['/home/alejandro/.local/share/mamba/envs/ros_env/bin/cmake', '/home/alejandro/ros2_ws/phantom_ws/src/phantomx-workbench/phantom_coppelia', '-DCMAKE_INSTALL_PREFIX=/home/alejandro/ros2_ws/install/phantom_coppelia'], 'cwd': '/home/alejandro/ros2_ws/build/phantom_coppelia', 'env': OrderedDict([('LESSOPEN', '| /usr/bin/lesspipe %s'), ('CONDA_PROMPT_MODIFIER', '(ros_env)'), ('USER', 'alejandro'), ('CXXFLAGS', '-fvisibility-inlines-hidden -fmessage-length=0 -march=nocona -mtune=haswell -ftree-vectorize -fPIC -fstack-protector-strong -fno-plt -O2 -ffunction-sections -pipe -isystem /home/alejandro/.local/share/mamba/envs/ros_env/include'), ('GCC_RANLIB', '/home/alejandro/.local/share/mamba/envs/ros_env/bin/x86_64-conda-linux-gnu-gcc-ranlib'), ('XDG_SESSION_TYPE', 'wayland'), ('OBJCOPY', '/home/alejandro/.local/share/mamba/envs/ros_env/bin/x86_64-conda-linux-gnu-objcopy'), ('DEBUG_CXXFLAGS', '-fvisibility-inlines-hidden -fmessage-length=0 -march=nocona -mtune=haswell -ftree-vectorize -fPIC -fstack-protector-all -fno-plt -Og -g -Wall -Wextra -fvar-tracking-assignments -ffunction-sections -pipe -isystem /home/alejandro/.local/share/mamba/envs/ros_env/include'), ('ROS_ETC_DIR', '/home/alejandro/.local/share/mamba/envs/ros_env/etc/ros'), ('SIZE', '/home/alejandro/.local/share/mamba/envs/ros_env/bin/x86_64-conda-linux-gnu-size'), ('SHLVL', '1'), ('LD_LIBRARY_PATH', '/home/alejandro/.local/share/mamba/envs/ros_env/lib:/home/alejandro/.local/share/mamba/envs/ros_env/opt/rviz_ogre_vendor/lib'), ('HOME', '/home/alejandro'), ('CC_FOR_BUILD', '/home/alejandro/.local/share/mamba/envs/ros_env/bin/x86_64-conda-linux-gnu-cc'), ('CONDA_SHLVL', '2'), ('OLDPWD', '/home/alejandro'), ('DESKTOP_SESSION', 'ubuntu'), ('CONDA_TOOLCHAIN_BUILD', 'x86_64-conda-linux-gnu'), ('F90', '/home/alejandro/.local/share/mamba/envs/ros_env/bin/x86_64-conda-linux-gnu-gfortran'), ('ROS_PYTHON_VERSION', '3'), ('GNOME_SHELL_SESSION_MODE', 'ubuntu'), ('GTK_MODULES', 'gail:atk-bridge'), ('LDFLAGS', '-Wl,-O2 -Wl,--sort-common -Wl,--as-needed -Wl,-z,relro -Wl,-z,now -Wl,--disable-new-dtags -Wl,--gc-sections -Wl,--allow-shlib-undefined -Wl,-rpath,/home/alejandro/.local/share/mamba/envs/ros_env/lib -Wl,-rpath-link,/home/alejandro/.local/share/mamba/envs/ros_env/lib -L/home/alejandro/.local/share/mamba/envs/ros_env/lib'), ('FC', '/home/alejandro/.local/share/mamba/envs/ros_env/bin/x86_64-conda-linux-gnu-gfortran'), ('STRINGS', '/home/alejandro/.local/share/mamba/envs/ros_env/bin/x86_64-conda-linux-gnu-strings'), ('SYSTEMD_EXEC_PID', '1605'), ('DBUS_SESSION_BUS_ADDRESS', 'unix:path=/run/user/1000/bus'), ('COLORTERM', 'truecolor'), ('CPP', '/home/alejandro/.local/share/mamba/envs/ros_env/bin/x86_64-conda-linux-gnu-cpp'), ('F77', '/home/alejandro/.local/share/mamba/envs/ros_env/bin/x86_64-conda-linux-gnu-gfortran'), ('F95', '/home/alejandro/.local/share/mamba/envs/ros_env/bin/x86_64-conda-linux-gnu-f95'), ('IM_CONFIG_PHASE', '1'), ('WAYLAND_DISPLAY', 'wayland-0'), ('ELFEDIT', '/home/alejandro/.local/share/mamba/envs/ros_env/bin/x86_64-conda-linux-gnu-elfedit'), ('STRIP', '/home/alejandro/.local/share/mamba/envs/ros_env/bin/x86_64-conda-linux-gnu-strip'), ('ROS_DISTRO', 'humble'), ('LOGNAME', 'alejandro'), ('GCC', '/home/alejandro/.local/share/mamba/envs/ros_env/bin/x86_64-conda-linux-gnu-gcc'), ('_', '/home/alejandro/.local/share/mamba/envs/ros_env/bin/colcon'), ('ROS_VERSION', '2'), ('READELF', '/home/alejandro/.local/share/mamba/envs/ros_env/bin/x86_64-conda-linux-gnu-readelf'), ('XDG_SESSION_CLASS', 'user'), ('AR', '/home/alejandro/.local/share/mamba/envs/ros_env/bin/x86_64-conda-linux-gnu-ar'), ('USERNAME', 'alejandro'), ('GXX', '/home/alejandro/.local/share/mamba/envs/ros_env/bin/x86_64-conda-linux-gnu-g++'), ('FC_FOR_BUILD', '/home/alejandro/.local/share/mamba/envs/ros_env/bin/x86_64-conda-linux-gnu-gfortran'), ('TERM', 'xterm-256color'), ('AS', '/home/alejandro/.local/share/mamba/envs/ros_env/bin/x86_64-conda-linux-gnu-as'), ('COPPELIASIM_ROOT_DIR', '/home/alejandro/CoppeliaSim'), ('GNOME_DESKTOP_SESSION_ID', 'this-is-deprecated'), ('ROS_LOCALHOST_ONLY', '0'), ('CXXFILT', '/home/alejandro/.local/share/mamba/envs/ros_env/bin/x86_64-conda-linux-gnu-c++filt'), ('ROS_OS_OVERRIDE', 'conda:linux'), ('BUILD', 'x86_64-conda-linux-gnu'), ('PATH', '/home/alejandro/.local/share/mamba/envs/ros_env/bin:/home/alejandro/miniforge3/condabin:/usr/local/sbin:/usr/local/bin:/usr/sbin:/usr/bin:/sbin:/bin:/usr/games:/usr/local/games:/snap/bin'), ('SESSION_MANAGER', 'local/SB3:@/tmp/.ICE-unix/1258,unix/SB3:/tmp/.ICE-unix/1258'), ('PROJ_NETWORK', 'ON'), ('XDG_MENU_PREFIX', 'gnome-'), ('build_alias', 'x86_64-conda-linux-gnu'), ('GNOME_TERMINAL_SCREEN', '/org/gnome/Terminal/screen/79cfbfa2_1dde_492a_8f83_f2207b1568de'), ('GNOME_SETUP_DISPLAY', ':1'), ('PROJ_DATA', '/home/alejandro/.local/share/mamba/envs/ros_env/share/proj'), ('XDG_RUNTIME_DIR', '/run/user/1000'), ('CFLAGS', '-march=nocona -mtune=haswell -ftree-vectorize -fPIC -fstack-protector-strong -fno-plt -O2 -ffunction-sections -pipe -isystem /home/alejandro/.local/share/mamba/envs/ros_env/include'), ('MAMBA_ROOT_PREFIX', '/home/alejandro/.local/share/mamba'), ('GCC_AR', '/home/alejandro/.local/share/mamba/envs/ros_env/bin/x86_64-conda-linux-gnu-gcc-ar'), ('DISPLAY', ':0'), ('LANG', 'en_US.UTF-8'), ('DEBUG_CFLAGS', '-march=nocona -mtune=haswell -ftree-vectorize -fPIC -fstack-protector-all -fno-plt -Og -g -Wall -Wextra -fvar-tracking-assignments -ffunction-sections -pipe -isystem /home/alejandro/.local/share/mamba/envs/ros_env/include'), ('XDG_CURRENT_DESKTOP', 'ubuntu:GNOME'), ('CONDA_PREFIX_1', '/home/alejandro/miniforge3'), ('_CONDA_PYTHON_SYSCONFIGDATA_NAME', '_sysconfigdata_x86_64_conda_cos6_linux_gnu'), ('XMODIFIERS', '@im=ibus'), ('XDG_SESSION_DESKTOP', 'ubuntu'), ('XAUTHORITY', '/run/user/1000/.mutter-Xwaylandauth.9MX222'), ('MESON_ARGS', '-Dbuildtype=release'), ('LS_COLORS', 'rs=0:di=01;34:ln=01;36:mh=00:pi=40;33:so=01;35:do=01;35:bd=40;33;01:cd=40;33;01:or=40;31;01:mi=00:su=37;41:sg=30;43:ca=30;41:tw=30;42:ow=34;42:st=37;44:ex=01;32:*.tar=01;31:*.tgz=01;31:*.arc=01;31:*.arj=01;31:*.taz=01;31:*.lha=01;31:*.lz4=01;31:*.lzh=01;31:*.lzma=01;31:*.tlz=01;31:*.txz=01;31:*.tzo=01;31:*.t7z=01;31:*.zip=01;31:*.z=01;31:*.dz=01;31:*.gz=01;31:*.lrz=01;31:*.lz=01;31:*.lzo=01;31:*.xz=01;31:*.zst=01;31:*.tzst=01;31:*.bz2=01;31:*.bz=01;31:*.tbz=01;31:*.tbz2=01;31:*.tz=01;31:*.deb=01;31:*.rpm=01;31:*.jar=01;31:*.war=01;31:*.ear=01;31:*.sar=01;31:*.rar=01;31:*.alz=01;31:*.ace=01;31:*.zoo=01;31:*.cpio=01;31:*.7z=01;31:*.rz=01;31:*.cab=01;31:*.wim=01;31:*.swm=01;31:*.dwm=01;31:*.esd=01;31:*.jpg=01;35:*.jpeg=01;35:*.mjpg=01;35:*.mjpeg=01;35:*.gif=01;35:*.bmp=01;35:*.pbm=01;35:*.pgm=01;35:*.ppm=01;35:*.tga=01;35:*.xbm=01;35:*.xpm=01;35:*.tif=01;35:*.tiff=01;35:*.png=01;35:*.svg=01;35:*.svgz=01;35:*.mng=01;35:*.pcx=01;35:*.mov=01;35:*.mpg=01;35:*.mpeg=01;35:*.m2v=01;35:*.mkv=01;35:*.webm=01;35:*.webp=01;35:*.ogm=01;35:*.mp4=01;35:*.m4v=01;35:*.mp4v=01;35:*.vob=01;35:*.qt=01;35:*.nuv=01;35:*.wmv=01;35:*.asf=01;35:*.rm=01;35:*.rmvb=01;35:*.flc=01;35:*.avi=01;35:*.fli=01;35:*.flv=01;35:*.gl=01;35:*.dl=01;35:*.xcf=01;35:*.xwd=01;35:*.yuv=01;35:*.cgm=01;35:*.emf=01;35:*.ogv=01;35:*.ogx=01;35:*.aac=00;36:*.au=00;36:*.flac=00;36:*.m4a=00;36:*.mid=00;36:*.midi=00;36:*.mka=00;36:*.mp3=00;36:*.mpc=00;36:*.ogg=00;36:*.ra=00;36:*.wav=00;36:*.oga=00;36:*.opus=00;36:*.spx=00;36:*.xspf=00;36:'), ('GNOME_TERMINAL_SERVICE', ':1.139'), ('SSH_AGENT_LAUNCHER', 'gnome-keyring'), ('SSH_AUTH_SOCK', '/run/user/1000/keyring/ssh'), ('XML_CATALOG_FILES', 'file:///home/alejandro/.local/share/mamba/envs/ros_env/etc/xml/catalog file:///etc/xml/catalog'), ('GSETTINGS_SCHEMA_DIR', '/home/alejandro/.local/share/mamba/envs/ros_env/share/glib-2.0/schemas'), ('AMENT_PREFIX_PATH', '/home/alejandro/.local/share/mamba/envs/ros_env'), ('CPPFLAGS', '-DNDEBUG -D_FORTIFY_SOURCE=2 -O2 -isystem /home/alejandro/.local/share/mamba/envs/ros_env/include'), ('CONDA_PYTHON_EXE', '/home/alejandro/miniforge3/bin/python'), ('SHELL', '/bin/bash'), ('DEBUG_FFLAGS', '-march=nocona -mtune=haswell -ftree-vectorize -fPIC -fstack-protector-strong -fno-plt -O2 -ffunction-sections -pipe -isystem /home/alejandro/.local/share/mamba/envs/ros_env/include -I/home/alejandro/.local/share/mamba/envs/ros_env/include -march=nocona -mtune=haswell -ftree-vectorize -fPIC -fstack-protector-all -fno-plt -Og -g -Wall -Wextra -fcheck=all -fbacktrace -fimplicit-none -fvar-tracking-assignments -ffunction-sections -pipe'), ('CMAKE_ARGS', '-DCMAKE_AR=/home/alejandro/.local/share/mamba/envs/ros_env/bin/x86_64-conda-linux-gnu-ar -DCMAKE_CXX_COMPILER_AR=/home/alejandro/.local/share/mamba/envs/ros_env/bin/x86_64-conda-linux-gnu-gcc-ar -DCMAKE_C_COMPILER_AR=/home/alejandro/.local/share/mamba/envs/ros_env/bin/x86_64-conda-linux-gnu-gcc-ar -DCMAKE_RANLIB=/home/alejandro/.local/share/mamba/envs/ros_env/bin/x86_64-conda-linux-gnu-ranlib -DCMAKE_CXX_COMPILER_RANLIB=/home/alejandro/.local/share/mamba/envs/ros_env/bin/x86_64-conda-linux-gnu-gcc-ranlib -DCMAKE_C_COMPILER_RANLIB=/home/alejandro/.local/share/mamba/envs/ros_env/bin/x86_64-conda-linux-gnu-gcc-ranlib -DCMAKE_LINKER=/home/alejandro/.local/share/mamba/envs/ros_env/bin/x86_64-conda-linux-gnu-ld -DCMAKE_STRIP=/home/alejandro/.local/share/mamba/envs/ros_env/bin/x86_64-conda-linux-gnu-strip -DCMAKE_BUILD_TYPE=Release'), ('HOST', 'x86_64-conda-linux-gnu'), ('QT_ACCESSIBILITY', '1'), ('CXX', '/home/alejandro/.local/share/mamba/envs/ros_env/bin/x86_64-conda-linux-gnu-c++'), ('DEBUG_CPPFLAGS', '-D_DEBUG -D_FORTIFY_SOURCE=2 -Og -isystem /home/alejandro/.local/share/mamba/envs/ros_env/include'), ('GDMSESSION', 'ubuntu'), ('LESSCLOSE', '/usr/bin/lesspipe %s %s'), ('DEBUG_FORTRANFLAGS', '-march=nocona -mtune=haswell -ftree-vectorize -fPIC -fstack-protector-strong -fno-plt -O2 -ffunction-sections -pipe -isystem /home/alejandro/.local/share/mamba/envs/ros_env/include -I/home/alejandro/.local/share/mamba/envs/ros_env/include -march=nocona -mtune=haswell -ftree-vectorize -fPIC -fstack-protector-all -fno-plt -Og -g -Wall -Wextra -fcheck=all -fbacktrace -fimplicit-none -fvar-tracking-assignments -ffunction-sections -pipe'), ('CONDA_DEFAULT_ENV', 'ros_env'), ('ADDR2LINE', '/home/alejandro/.local/share/mamba/envs/ros_env/bin/x86_64-conda-linux-gnu-addr2line'), ('MAMBA_EXE', '/home/alejandro/miniforge3/bin/mamba'), ('GCC_NM', '/home/alejandro/.local/share/mamba/envs/ros_env/bin/x86_64-conda-linux-gnu-gcc-nm'), ('GFORTRAN', '/home/alejandro/.local/share/mamba/envs/ros_env/bin/x86_64-conda-linux-gnu-gfortran'), ('CONDA_BUILD_SYSROOT', '/home/alejandro/.local/share/mamba/envs/ros_env/x86_64-conda-linux-gnu/sysroot'), ('QT_IM_MODULE', 'ibus'), ('PWD', '/home/alejandro/ros2_ws/build/phantom_coppelia'), ('LD_GOLD', '/home/alejandro/.local/share/mamba/envs/ros_env/bin/x86_64-conda-linux-gnu-ld.gold'), ('LC_ALL', 'en_US.UTF-8'), ('XDG_CONFIG_DIRS', '/etc/xdg/xdg-ubuntu:/etc/xdg'), ('CONDA_EXE', '/home/alejandro/miniforge3/bin/conda'), ('FFLAGS', '-march=nocona -mtune=haswell -ftree-vectorize -fPIC -fstack-protector-strong -fno-plt -O2 -ffunction-sections -pipe -isystem /home/alejandro/.local/share/mamba/envs/ros_env/include -I/home/alejandro/.local/share/mamba/envs/ros_env/include'), ('LD', '/home/alejandro/.local/share/mamba/envs/ros_env/bin/x86_64-conda-linux-gnu-ld'), ('XDG_DATA_DIRS', '/usr/share/ubuntu:/home/alejandro/.local/share/flatpak/exports/share:/var/lib/flatpak/exports/share:/usr/local/share/:/usr/share/:/var/lib/snapd/desktop'), ('PYTHONPATH', '/home/alejandro/.local/share/mamba/envs/ros_env/lib/python311/site-packages:/home/alejandro/.local/share/mamba/envs/ros_env/lib/python3.11/site-packages'), ('GPROF', '/home/alejandro/.local/share/mamba/envs/ros_env/bin/x86_64-conda-linux-gnu-gprof'), ('DWP', '/home/alejandro/.local/share/mamba/envs/ros_env/bin/x86_64-conda-linux-gnu-dwp'), ('CONDA_PREFIX', '/home/alejandro/.local/share/mamba/envs/ros_env'), ('GSETTINGS_SCHEMA_DIR_CONDA_BACKUP', ''), ('CONDA_TOOLCHAIN_HOST', 'x86_64-conda-linux-gnu'), ('host_alias', 'x86_64-conda-linux-gnu'), ('FORTRANFLAGS', '-march=nocona -mtune=haswell -ftree-vectorize -fPIC -fstack-protector-strong -fno-plt -O2 -ffunction-sections -pipe -isystem /home/alejandro/.local/share/mamba/envs/ros_env/include -I/home/alejandro/.local/share/mamba/envs/ros_env/include'), ('CC', '/home/alejandro/.local/share/mamba/envs/ros_env/bin/x86_64-conda-linux-gnu-cc'), ('RANLIB', '/home/alejandro/.local/share/mamba/envs/ros_env/bin/x86_64-conda-linux-gnu-ranlib'), ('COLCON', '1'), ('VTE_VERSION', '6800'), ('CXX_FOR_BUILD', '/home/alejandro/.local/share/mamba/envs/ros_env/bin/x86_64-conda-linux-gnu-c++'), ('CMAKE_PREFIX_PATH', '/opt/ros/humble:/home/alejandro/.local/share/mamba/envs/ros_env:/home/alejandro/.local/share/mamba/envs/ros_env/x86_64-conda-linux-gnu/sysroot/usr'), ('NM', '/home/alejandro/.local/share/mamba/envs/ros_env/bin/x86_64-conda-linux-gnu-nm'), ('OBJDUMP', '/home/alejandro/.local/share/mamba/envs/ros_env/bin/x86_64-conda-linux-gnu-objdump')]), 'shell': False}
[0.244082] (phantom_description) JobProgress: {'identifier': 'phantom_description', 'progress': 'cmake'}
[0.244474] (phantom_description) Command: {'cmd': ['/home/alejandro/.local/share/mamba/envs/ros_env/bin/cmake', '/home/alejandro/ros2_ws/phantom_ws/src/phantomx-workbench/phantom_description', '-DCMAKE_INSTALL_PREFIX=/home/alejandro/ros2_ws/install/phantom_description'], 'cwd': '/home/alejandro/ros2_ws/build/phantom_description', 'env': OrderedDict([('LESSOPEN', '| /usr/bin/lesspipe %s'), ('CONDA_PROMPT_MODIFIER', '(ros_env)'), ('USER', 'alejandro'), ('CXXFLAGS', '-fvisibility-inlines-hidden -fmessage-length=0 -march=nocona -mtune=haswell -ftree-vectorize -fPIC -fstack-protector-strong -fno-plt -O2 -ffunction-sections -pipe -isystem /home/alejandro/.local/share/mamba/envs/ros_env/include'), ('GCC_RANLIB', '/home/alejandro/.local/share/mamba/envs/ros_env/bin/x86_64-conda-linux-gnu-gcc-ranlib'), ('XDG_SESSION_TYPE', 'wayland'), ('OBJCOPY', '/home/alejandro/.local/share/mamba/envs/ros_env/bin/x86_64-conda-linux-gnu-objcopy'), ('DEBUG_CXXFLAGS', '-fvisibility-inlines-hidden -fmessage-length=0 -march=nocona -mtune=haswell -ftree-vectorize -fPIC -fstack-protector-all -fno-plt -Og -g -Wall -Wextra -fvar-tracking-assignments -ffunction-sections -pipe -isystem /home/alejandro/.local/share/mamba/envs/ros_env/include'), ('ROS_ETC_DIR', '/home/alejandro/.local/share/mamba/envs/ros_env/etc/ros'), ('SIZE', '/home/alejandro/.local/share/mamba/envs/ros_env/bin/x86_64-conda-linux-gnu-size'), ('SHLVL', '1'), ('LD_LIBRARY_PATH', '/home/alejandro/.local/share/mamba/envs/ros_env/lib:/home/alejandro/.local/share/mamba/envs/ros_env/opt/rviz_ogre_vendor/lib'), ('HOME', '/home/alejandro'), ('CC_FOR_BUILD', '/home/alejandro/.local/share/mamba/envs/ros_env/bin/x86_64-conda-linux-gnu-cc'), ('CONDA_SHLVL', '2'), ('OLDPWD', '/home/alejandro'), ('DESKTOP_SESSION', 'ubuntu'), ('CONDA_TOOLCHAIN_BUILD', 'x86_64-conda-linux-gnu'), ('F90', '/home/alejandro/.local/share/mamba/envs/ros_env/bin/x86_64-conda-linux-gnu-gfortran'), ('ROS_PYTHON_VERSION', '3'), ('GNOME_SHELL_SESSION_MODE', 'ubuntu'), ('GTK_MODULES', 'gail:atk-bridge'), ('LDFLAGS', '-Wl,-O2 -Wl,--sort-common -Wl,--as-needed -Wl,-z,relro -Wl,-z,now -Wl,--disable-new-dtags -Wl,--gc-sections -Wl,--allow-shlib-undefined -Wl,-rpath,/home/alejandro/.local/share/mamba/envs/ros_env/lib -Wl,-rpath-link,/home/alejandro/.local/share/mamba/envs/ros_env/lib -L/home/alejandro/.local/share/mamba/envs/ros_env/lib'), ('FC', '/home/alejandro/.local/share/mamba/envs/ros_env/bin/x86_64-conda-linux-gnu-gfortran'), ('STRINGS', '/home/alejandro/.local/share/mamba/envs/ros_env/bin/x86_64-conda-linux-gnu-strings'), ('SYSTEMD_EXEC_PID', '1605'), ('DBUS_SESSION_BUS_ADDRESS', 'unix:path=/run/user/1000/bus'), ('COLORTERM', 'truecolor'), ('CPP', '/home/alejandro/.local/share/mamba/envs/ros_env/bin/x86_64-conda-linux-gnu-cpp'), ('F77', '/home/alejandro/.local/share/mamba/envs/ros_env/bin/x86_64-conda-linux-gnu-gfortran'), ('F95', '/home/alejandro/.local/share/mamba/envs/ros_env/bin/x86_64-conda-linux-gnu-f95'), ('IM_CONFIG_PHASE', '1'), ('WAYLAND_DISPLAY', 'wayland-0'), ('ELFEDIT', '/home/alejandro/.local/share/mamba/envs/ros_env/bin/x86_64-conda-linux-gnu-elfedit'), ('STRIP', '/home/alejandro/.local/share/mamba/envs/ros_env/bin/x86_64-conda-linux-gnu-strip'), ('ROS_DISTRO', 'humble'), ('LOGNAME', 'alejandro'), ('GCC', '/home/alejandro/.local/share/mamba/envs/ros_env/bin/x86_64-conda-linux-gnu-gcc'), ('_', '/home/alejandro/.local/share/mamba/envs/ros_env/bin/colcon'), ('ROS_VERSION', '2'), ('READELF', '/home/alejandro/.local/share/mamba/envs/ros_env/bin/x86_64-conda-linux-gnu-readelf'), ('XDG_SESSION_CLASS', 'user'), ('AR', '/home/alejandro/.local/share/mamba/envs/ros_env/bin/x86_64-conda-linux-gnu-ar'), ('USERNAME', 'alejandro'), ('GXX', '/home/alejandro/.local/share/mamba/envs/ros_env/bin/x86_64-conda-linux-gnu-g++'), ('FC_FOR_BUILD', '/home/alejandro/.local/share/mamba/envs/ros_env/bin/x86_64-conda-linux-gnu-gfortran'), ('TERM', 'xterm-256color'), ('AS', '/home/alejandro/.local/share/mamba/envs/ros_env/bin/x86_64-conda-linux-gnu-as'), ('COPPELIASIM_ROOT_DIR', '/home/alejandro/CoppeliaSim'), ('GNOME_DESKTOP_SESSION_ID', 'this-is-deprecated'), ('ROS_LOCALHOST_ONLY', '0'), ('CXXFILT', '/home/alejandro/.local/share/mamba/envs/ros_env/bin/x86_64-conda-linux-gnu-c++filt'), ('ROS_OS_OVERRIDE', 'conda:linux'), ('BUILD', 'x86_64-conda-linux-gnu'), ('PATH', '/home/alejandro/.local/share/mamba/envs/ros_env/bin:/home/alejandro/miniforge3/condabin:/usr/local/sbin:/usr/local/bin:/usr/sbin:/usr/bin:/sbin:/bin:/usr/games:/usr/local/games:/snap/bin'), ('SESSION_MANAGER', 'local/SB3:@/tmp/.ICE-unix/1258,unix/SB3:/tmp/.ICE-unix/1258'), ('PROJ_NETWORK', 'ON'), ('XDG_MENU_PREFIX', 'gnome-'), ('build_alias', 'x86_64-conda-linux-gnu'), ('GNOME_TERMINAL_SCREEN', '/org/gnome/Terminal/screen/79cfbfa2_1dde_492a_8f83_f2207b1568de'), ('GNOME_SETUP_DISPLAY', ':1'), ('PROJ_DATA', '/home/alejandro/.local/share/mamba/envs/ros_env/share/proj'), ('XDG_RUNTIME_DIR', '/run/user/1000'), ('CFLAGS', '-march=nocona -mtune=haswell -ftree-vectorize -fPIC -fstack-protector-strong -fno-plt -O2 -ffunction-sections -pipe -isystem /home/alejandro/.local/share/mamba/envs/ros_env/include'), ('MAMBA_ROOT_PREFIX', '/home/alejandro/.local/share/mamba'), ('GCC_AR', '/home/alejandro/.local/share/mamba/envs/ros_env/bin/x86_64-conda-linux-gnu-gcc-ar'), ('DISPLAY', ':0'), ('LANG', 'en_US.UTF-8'), ('DEBUG_CFLAGS', '-march=nocona -mtune=haswell -ftree-vectorize -fPIC -fstack-protector-all -fno-plt -Og -g -Wall -Wextra -fvar-tracking-assignments -ffunction-sections -pipe -isystem /home/alejandro/.local/share/mamba/envs/ros_env/include'), ('XDG_CURRENT_DESKTOP', 'ubuntu:GNOME'), ('CONDA_PREFIX_1', '/home/alejandro/miniforge3'), ('_CONDA_PYTHON_SYSCONFIGDATA_NAME', '_sysconfigdata_x86_64_conda_cos6_linux_gnu'), ('XMODIFIERS', '@im=ibus'), ('XDG_SESSION_DESKTOP', 'ubuntu'), ('XAUTHORITY', '/run/user/1000/.mutter-Xwaylandauth.9MX222'), ('MESON_ARGS', '-Dbuildtype=release'), ('LS_COLORS', 'rs=0:di=01;34:ln=01;36:mh=00:pi=40;33:so=01;35:do=01;35:bd=40;33;01:cd=40;33;01:or=40;31;01:mi=00:su=37;41:sg=30;43:ca=30;41:tw=30;42:ow=34;42:st=37;44:ex=01;32:*.tar=01;31:*.tgz=01;31:*.arc=01;31:*.arj=01;31:*.taz=01;31:*.lha=01;31:*.lz4=01;31:*.lzh=01;31:*.lzma=01;31:*.tlz=01;31:*.txz=01;31:*.tzo=01;31:*.t7z=01;31:*.zip=01;31:*.z=01;31:*.dz=01;31:*.gz=01;31:*.lrz=01;31:*.lz=01;31:*.lzo=01;31:*.xz=01;31:*.zst=01;31:*.tzst=01;31:*.bz2=01;31:*.bz=01;31:*.tbz=01;31:*.tbz2=01;31:*.tz=01;31:*.deb=01;31:*.rpm=01;31:*.jar=01;31:*.war=01;31:*.ear=01;31:*.sar=01;31:*.rar=01;31:*.alz=01;31:*.ace=01;31:*.zoo=01;31:*.cpio=01;31:*.7z=01;31:*.rz=01;31:*.cab=01;31:*.wim=01;31:*.swm=01;31:*.dwm=01;31:*.esd=01;31:*.jpg=01;35:*.jpeg=01;35:*.mjpg=01;35:*.mjpeg=01;35:*.gif=01;35:*.bmp=01;35:*.pbm=01;35:*.pgm=01;35:*.ppm=01;35:*.tga=01;35:*.xbm=01;35:*.xpm=01;35:*.tif=01;35:*.tiff=01;35:*.png=01;35:*.svg=01;35:*.svgz=01;35:*.mng=01;35:*.pcx=01;35:*.mov=01;35:*.mpg=01;35:*.mpeg=01;35:*.m2v=01;35:*.mkv=01;35:*.webm=01;35:*.webp=01;35:*.ogm=01;35:*.mp4=01;35:*.m4v=01;35:*.mp4v=01;35:*.vob=01;35:*.qt=01;35:*.nuv=01;35:*.wmv=01;35:*.asf=01;35:*.rm=01;35:*.rmvb=01;35:*.flc=01;35:*.avi=01;35:*.fli=01;35:*.flv=01;35:*.gl=01;35:*.dl=01;35:*.xcf=01;35:*.xwd=01;35:*.yuv=01;35:*.cgm=01;35:*.emf=01;35:*.ogv=01;35:*.ogx=01;35:*.aac=00;36:*.au=00;36:*.flac=00;36:*.m4a=00;36:*.mid=00;36:*.midi=00;36:*.mka=00;36:*.mp3=00;36:*.mpc=00;36:*.ogg=00;36:*.ra=00;36:*.wav=00;36:*.oga=00;36:*.opus=00;36:*.spx=00;36:*.xspf=00;36:'), ('GNOME_TERMINAL_SERVICE', ':1.139'), ('SSH_AGENT_LAUNCHER', 'gnome-keyring'), ('SSH_AUTH_SOCK', '/run/user/1000/keyring/ssh'), ('XML_CATALOG_FILES', 'file:///home/alejandro/.local/share/mamba/envs/ros_env/etc/xml/catalog file:///etc/xml/catalog'), ('GSETTINGS_SCHEMA_DIR', '/home/alejandro/.local/share/mamba/envs/ros_env/share/glib-2.0/schemas'), ('AMENT_PREFIX_PATH', '/home/alejandro/.local/share/mamba/envs/ros_env'), ('CPPFLAGS', '-DNDEBUG -D_FORTIFY_SOURCE=2 -O2 -isystem /home/alejandro/.local/share/mamba/envs/ros_env/include'), ('CONDA_PYTHON_EXE', '/home/alejandro/miniforge3/bin/python'), ('SHELL', '/bin/bash'), ('DEBUG_FFLAGS', '-march=nocona -mtune=haswell -ftree-vectorize -fPIC -fstack-protector-strong -fno-plt -O2 -ffunction-sections -pipe -isystem /home/alejandro/.local/share/mamba/envs/ros_env/include -I/home/alejandro/.local/share/mamba/envs/ros_env/include -march=nocona -mtune=haswell -ftree-vectorize -fPIC -fstack-protector-all -fno-plt -Og -g -Wall -Wextra -fcheck=all -fbacktrace -fimplicit-none -fvar-tracking-assignments -ffunction-sections -pipe'), ('CMAKE_ARGS', '-DCMAKE_AR=/home/alejandro/.local/share/mamba/envs/ros_env/bin/x86_64-conda-linux-gnu-ar -DCMAKE_CXX_COMPILER_AR=/home/alejandro/.local/share/mamba/envs/ros_env/bin/x86_64-conda-linux-gnu-gcc-ar -DCMAKE_C_COMPILER_AR=/home/alejandro/.local/share/mamba/envs/ros_env/bin/x86_64-conda-linux-gnu-gcc-ar -DCMAKE_RANLIB=/home/alejandro/.local/share/mamba/envs/ros_env/bin/x86_64-conda-linux-gnu-ranlib -DCMAKE_CXX_COMPILER_RANLIB=/home/alejandro/.local/share/mamba/envs/ros_env/bin/x86_64-conda-linux-gnu-gcc-ranlib -DCMAKE_C_COMPILER_RANLIB=/home/alejandro/.local/share/mamba/envs/ros_env/bin/x86_64-conda-linux-gnu-gcc-ranlib -DCMAKE_LINKER=/home/alejandro/.local/share/mamba/envs/ros_env/bin/x86_64-conda-linux-gnu-ld -DCMAKE_STRIP=/home/alejandro/.local/share/mamba/envs/ros_env/bin/x86_64-conda-linux-gnu-strip -DCMAKE_BUILD_TYPE=Release'), ('HOST', 'x86_64-conda-linux-gnu'), ('QT_ACCESSIBILITY', '1'), ('CXX', '/home/alejandro/.local/share/mamba/envs/ros_env/bin/x86_64-conda-linux-gnu-c++'), ('DEBUG_CPPFLAGS', '-D_DEBUG -D_FORTIFY_SOURCE=2 -Og -isystem /home/alejandro/.local/share/mamba/envs/ros_env/include'), ('GDMSESSION', 'ubuntu'), ('LESSCLOSE', '/usr/bin/lesspipe %s %s'), ('DEBUG_FORTRANFLAGS', '-march=nocona -mtune=haswell -ftree-vectorize -fPIC -fstack-protector-strong -fno-plt -O2 -ffunction-sections -pipe -isystem /home/alejandro/.local/share/mamba/envs/ros_env/include -I/home/alejandro/.local/share/mamba/envs/ros_env/include -march=nocona -mtune=haswell -ftree-vectorize -fPIC -fstack-protector-all -fno-plt -Og -g -Wall -Wextra -fcheck=all -fbacktrace -fimplicit-none -fvar-tracking-assignments -ffunction-sections -pipe'), ('CONDA_DEFAULT_ENV', 'ros_env'), ('ADDR2LINE', '/home/alejandro/.local/share/mamba/envs/ros_env/bin/x86_64-conda-linux-gnu-addr2line'), ('MAMBA_EXE', '/home/alejandro/miniforge3/bin/mamba'), ('GCC_NM', '/home/alejandro/.local/share/mamba/envs/ros_env/bin/x86_64-conda-linux-gnu-gcc-nm'), ('GFORTRAN', '/home/alejandro/.local/share/mamba/envs/ros_env/bin/x86_64-conda-linux-gnu-gfortran'), ('CONDA_BUILD_SYSROOT', '/home/alejandro/.local/share/mamba/envs/ros_env/x86_64-conda-linux-gnu/sysroot'), ('QT_IM_MODULE', 'ibus'), ('PWD', '/home/alejandro/ros2_ws/build/phantom_description'), ('LD_GOLD', '/home/alejandro/.local/share/mamba/envs/ros_env/bin/x86_64-conda-linux-gnu-ld.gold'), ('LC_ALL', 'en_US.UTF-8'), ('XDG_CONFIG_DIRS', '/etc/xdg/xdg-ubuntu:/etc/xdg'), ('CONDA_EXE', '/home/alejandro/miniforge3/bin/conda'), ('FFLAGS', '-march=nocona -mtune=haswell -ftree-vectorize -fPIC -fstack-protector-strong -fno-plt -O2 -ffunction-sections -pipe -isystem /home/alejandro/.local/share/mamba/envs/ros_env/include -I/home/alejandro/.local/share/mamba/envs/ros_env/include'), ('LD', '/home/alejandro/.local/share/mamba/envs/ros_env/bin/x86_64-conda-linux-gnu-ld'), ('XDG_DATA_DIRS', '/usr/share/ubuntu:/home/alejandro/.local/share/flatpak/exports/share:/var/lib/flatpak/exports/share:/usr/local/share/:/usr/share/:/var/lib/snapd/desktop'), ('PYTHONPATH', '/home/alejandro/.local/share/mamba/envs/ros_env/lib/python311/site-packages:/home/alejandro/.local/share/mamba/envs/ros_env/lib/python3.11/site-packages'), ('GPROF', '/home/alejandro/.local/share/mamba/envs/ros_env/bin/x86_64-conda-linux-gnu-gprof'), ('DWP', '/home/alejandro/.local/share/mamba/envs/ros_env/bin/x86_64-conda-linux-gnu-dwp'), ('CONDA_PREFIX', '/home/alejandro/.local/share/mamba/envs/ros_env'), ('GSETTINGS_SCHEMA_DIR_CONDA_BACKUP', ''), ('CONDA_TOOLCHAIN_HOST', 'x86_64-conda-linux-gnu'), ('host_alias', 'x86_64-conda-linux-gnu'), ('FORTRANFLAGS', '-march=nocona -mtune=haswell -ftree-vectorize -fPIC -fstack-protector-strong -fno-plt -O2 -ffunction-sections -pipe -isystem /home/alejandro/.local/share/mamba/envs/ros_env/include -I/home/alejandro/.local/share/mamba/envs/ros_env/include'), ('CC', '/home/alejandro/.local/share/mamba/envs/ros_env/bin/x86_64-conda-linux-gnu-cc'), ('RANLIB', '/home/alejandro/.local/share/mamba/envs/ros_env/bin/x86_64-conda-linux-gnu-ranlib'), ('COLCON', '1'), ('VTE_VERSION', '6800'), ('CXX_FOR_BUILD', '/home/alejandro/.local/share/mamba/envs/ros_env/bin/x86_64-conda-linux-gnu-c++'), ('CMAKE_PREFIX_PATH', '/opt/ros/humble:/home/alejandro/.local/share/mamba/envs/ros_env:/home/alejandro/.local/share/mamba/envs/ros_env/x86_64-conda-linux-gnu/sysroot/usr'), ('NM', '/home/alejandro/.local/share/mamba/envs/ros_env/bin/x86_64-conda-linux-gnu-nm'), ('OBJDUMP', '/home/alejandro/.local/share/mamba/envs/ros_env/bin/x86_64-conda-linux-gnu-objdump')]), 'shell': False}
[0.248265] (phantom_vision) JobProgress: {'identifier': 'phantom_vision', 'progress': 'cmake'}
[0.248645] (phantom_vision) Command: {'cmd': ['/home/alejandro/.local/share/mamba/envs/ros_env/bin/cmake', '/home/alejandro/ros2_ws/phantom_ws/src/phantomx-workbench/phantom_vision', '-DCMAKE_INSTALL_PREFIX=/home/alejandro/ros2_ws/install/phantom_vision'], 'cwd': '/home/alejandro/ros2_ws/build/phantom_vision', 'env': OrderedDict([('LESSOPEN', '| /usr/bin/lesspipe %s'), ('CONDA_PROMPT_MODIFIER', '(ros_env)'), ('USER', 'alejandro'), ('CXXFLAGS', '-fvisibility-inlines-hidden -fmessage-length=0 -march=nocona -mtune=haswell -ftree-vectorize -fPIC -fstack-protector-strong -fno-plt -O2 -ffunction-sections -pipe -isystem /home/alejandro/.local/share/mamba/envs/ros_env/include'), ('GCC_RANLIB', '/home/alejandro/.local/share/mamba/envs/ros_env/bin/x86_64-conda-linux-gnu-gcc-ranlib'), ('XDG_SESSION_TYPE', 'wayland'), ('OBJCOPY', '/home/alejandro/.local/share/mamba/envs/ros_env/bin/x86_64-conda-linux-gnu-objcopy'), ('DEBUG_CXXFLAGS', '-fvisibility-inlines-hidden -fmessage-length=0 -march=nocona -mtune=haswell -ftree-vectorize -fPIC -fstack-protector-all -fno-plt -Og -g -Wall -Wextra -fvar-tracking-assignments -ffunction-sections -pipe -isystem /home/alejandro/.local/share/mamba/envs/ros_env/include'), ('ROS_ETC_DIR', '/home/alejandro/.local/share/mamba/envs/ros_env/etc/ros'), ('SIZE', '/home/alejandro/.local/share/mamba/envs/ros_env/bin/x86_64-conda-linux-gnu-size'), ('SHLVL', '1'), ('LD_LIBRARY_PATH', '/home/alejandro/.local/share/mamba/envs/ros_env/lib:/home/alejandro/.local/share/mamba/envs/ros_env/opt/rviz_ogre_vendor/lib'), ('HOME', '/home/alejandro'), ('CC_FOR_BUILD', '/home/alejandro/.local/share/mamba/envs/ros_env/bin/x86_64-conda-linux-gnu-cc'), ('CONDA_SHLVL', '2'), ('OLDPWD', '/home/alejandro'), ('DESKTOP_SESSION', 'ubuntu'), ('CONDA_TOOLCHAIN_BUILD', 'x86_64-conda-linux-gnu'), ('F90', '/home/alejandro/.local/share/mamba/envs/ros_env/bin/x86_64-conda-linux-gnu-gfortran'), ('ROS_PYTHON_VERSION', '3'), ('GNOME_SHELL_SESSION_MODE', 'ubuntu'), ('GTK_MODULES', 'gail:atk-bridge'), ('LDFLAGS', '-Wl,-O2 -Wl,--sort-common -Wl,--as-needed -Wl,-z,relro -Wl,-z,now -Wl,--disable-new-dtags -Wl,--gc-sections -Wl,--allow-shlib-undefined -Wl,-rpath,/home/alejandro/.local/share/mamba/envs/ros_env/lib -Wl,-rpath-link,/home/alejandro/.local/share/mamba/envs/ros_env/lib -L/home/alejandro/.local/share/mamba/envs/ros_env/lib'), ('FC', '/home/alejandro/.local/share/mamba/envs/ros_env/bin/x86_64-conda-linux-gnu-gfortran'), ('STRINGS', '/home/alejandro/.local/share/mamba/envs/ros_env/bin/x86_64-conda-linux-gnu-strings'), ('SYSTEMD_EXEC_PID', '1605'), ('DBUS_SESSION_BUS_ADDRESS', 'unix:path=/run/user/1000/bus'), ('COLORTERM', 'truecolor'), ('CPP', '/home/alejandro/.local/share/mamba/envs/ros_env/bin/x86_64-conda-linux-gnu-cpp'), ('F77', '/home/alejandro/.local/share/mamba/envs/ros_env/bin/x86_64-conda-linux-gnu-gfortran'), ('F95', '/home/alejandro/.local/share/mamba/envs/ros_env/bin/x86_64-conda-linux-gnu-f95'), ('IM_CONFIG_PHASE', '1'), ('WAYLAND_DISPLAY', 'wayland-0'), ('ELFEDIT', '/home/alejandro/.local/share/mamba/envs/ros_env/bin/x86_64-conda-linux-gnu-elfedit'), ('STRIP', '/home/alejandro/.local/share/mamba/envs/ros_env/bin/x86_64-conda-linux-gnu-strip'), ('ROS_DISTRO', 'humble'), ('LOGNAME', 'alejandro'), ('GCC', '/home/alejandro/.local/share/mamba/envs/ros_env/bin/x86_64-conda-linux-gnu-gcc'), ('_', '/home/alejandro/.local/share/mamba/envs/ros_env/bin/colcon'), ('ROS_VERSION', '2'), ('READELF', '/home/alejandro/.local/share/mamba/envs/ros_env/bin/x86_64-conda-linux-gnu-readelf'), ('XDG_SESSION_CLASS', 'user'), ('AR', '/home/alejandro/.local/share/mamba/envs/ros_env/bin/x86_64-conda-linux-gnu-ar'), ('USERNAME', 'alejandro'), ('GXX', '/home/alejandro/.local/share/mamba/envs/ros_env/bin/x86_64-conda-linux-gnu-g++'), ('FC_FOR_BUILD', '/home/alejandro/.local/share/mamba/envs/ros_env/bin/x86_64-conda-linux-gnu-gfortran'), ('TERM', 'xterm-256color'), ('AS', '/home/alejandro/.local/share/mamba/envs/ros_env/bin/x86_64-conda-linux-gnu-as'), ('COPPELIASIM_ROOT_DIR', '/home/alejandro/CoppeliaSim'), ('GNOME_DESKTOP_SESSION_ID', 'this-is-deprecated'), ('ROS_LOCALHOST_ONLY', '0'), ('CXXFILT', '/home/alejandro/.local/share/mamba/envs/ros_env/bin/x86_64-conda-linux-gnu-c++filt'), ('ROS_OS_OVERRIDE', 'conda:linux'), ('BUILD', 'x86_64-conda-linux-gnu'), ('PATH', '/home/alejandro/.local/share/mamba/envs/ros_env/bin:/home/alejandro/miniforge3/condabin:/usr/local/sbin:/usr/local/bin:/usr/sbin:/usr/bin:/sbin:/bin:/usr/games:/usr/local/games:/snap/bin'), ('SESSION_MANAGER', 'local/SB3:@/tmp/.ICE-unix/1258,unix/SB3:/tmp/.ICE-unix/1258'), ('PROJ_NETWORK', 'ON'), ('XDG_MENU_PREFIX', 'gnome-'), ('build_alias', 'x86_64-conda-linux-gnu'), ('GNOME_TERMINAL_SCREEN', '/org/gnome/Terminal/screen/79cfbfa2_1dde_492a_8f83_f2207b1568de'), ('GNOME_SETUP_DISPLAY', ':1'), ('PROJ_DATA', '/home/alejandro/.local/share/mamba/envs/ros_env/share/proj'), ('XDG_RUNTIME_DIR', '/run/user/1000'), ('CFLAGS', '-march=nocona -mtune=haswell -ftree-vectorize -fPIC -fstack-protector-strong -fno-plt -O2 -ffunction-sections -pipe -isystem /home/alejandro/.local/share/mamba/envs/ros_env/include'), ('MAMBA_ROOT_PREFIX', '/home/alejandro/.local/share/mamba'), ('GCC_AR', '/home/alejandro/.local/share/mamba/envs/ros_env/bin/x86_64-conda-linux-gnu-gcc-ar'), ('DISPLAY', ':0'), ('LANG', 'en_US.UTF-8'), ('DEBUG_CFLAGS', '-march=nocona -mtune=haswell -ftree-vectorize -fPIC -fstack-protector-all -fno-plt -Og -g -Wall -Wextra -fvar-tracking-assignments -ffunction-sections -pipe -isystem /home/alejandro/.local/share/mamba/envs/ros_env/include'), ('XDG_CURRENT_DESKTOP', 'ubuntu:GNOME'), ('CONDA_PREFIX_1', '/home/alejandro/miniforge3'), ('_CONDA_PYTHON_SYSCONFIGDATA_NAME', '_sysconfigdata_x86_64_conda_cos6_linux_gnu'), ('XMODIFIERS', '@im=ibus'), ('XDG_SESSION_DESKTOP', 'ubuntu'), ('XAUTHORITY', '/run/user/1000/.mutter-Xwaylandauth.9MX222'), ('MESON_ARGS', '-Dbuildtype=release'), ('LS_COLORS', 'rs=0:di=01;34:ln=01;36:mh=00:pi=40;33:so=01;35:do=01;35:bd=40;33;01:cd=40;33;01:or=40;31;01:mi=00:su=37;41:sg=30;43:ca=30;41:tw=30;42:ow=34;42:st=37;44:ex=01;32:*.tar=01;31:*.tgz=01;31:*.arc=01;31:*.arj=01;31:*.taz=01;31:*.lha=01;31:*.lz4=01;31:*.lzh=01;31:*.lzma=01;31:*.tlz=01;31:*.txz=01;31:*.tzo=01;31:*.t7z=01;31:*.zip=01;31:*.z=01;31:*.dz=01;31:*.gz=01;31:*.lrz=01;31:*.lz=01;31:*.lzo=01;31:*.xz=01;31:*.zst=01;31:*.tzst=01;31:*.bz2=01;31:*.bz=01;31:*.tbz=01;31:*.tbz2=01;31:*.tz=01;31:*.deb=01;31:*.rpm=01;31:*.jar=01;31:*.war=01;31:*.ear=01;31:*.sar=01;31:*.rar=01;31:*.alz=01;31:*.ace=01;31:*.zoo=01;31:*.cpio=01;31:*.7z=01;31:*.rz=01;31:*.cab=01;31:*.wim=01;31:*.swm=01;31:*.dwm=01;31:*.esd=01;31:*.jpg=01;35:*.jpeg=01;35:*.mjpg=01;35:*.mjpeg=01;35:*.gif=01;35:*.bmp=01;35:*.pbm=01;35:*.pgm=01;35:*.ppm=01;35:*.tga=01;35:*.xbm=01;35:*.xpm=01;35:*.tif=01;35:*.tiff=01;35:*.png=01;35:*.svg=01;35:*.svgz=01;35:*.mng=01;35:*.pcx=01;35:*.mov=01;35:*.mpg=01;35:*.mpeg=01;35:*.m2v=01;35:*.mkv=01;35:*.webm=01;35:*.webp=01;35:*.ogm=01;35:*.mp4=01;35:*.m4v=01;35:*.mp4v=01;35:*.vob=01;35:*.qt=01;35:*.nuv=01;35:*.wmv=01;35:*.asf=01;35:*.rm=01;35:*.rmvb=01;35:*.flc=01;35:*.avi=01;35:*.fli=01;35:*.flv=01;35:*.gl=01;35:*.dl=01;35:*.xcf=01;35:*.xwd=01;35:*.yuv=01;35:*.cgm=01;35:*.emf=01;35:*.ogv=01;35:*.ogx=01;35:*.aac=00;36:*.au=00;36:*.flac=00;36:*.m4a=00;36:*.mid=00;36:*.midi=00;36:*.mka=00;36:*.mp3=00;36:*.mpc=00;36:*.ogg=00;36:*.ra=00;36:*.wav=00;36:*.oga=00;36:*.opus=00;36:*.spx=00;36:*.xspf=00;36:'), ('GNOME_TERMINAL_SERVICE', ':1.139'), ('SSH_AGENT_LAUNCHER', 'gnome-keyring'), ('SSH_AUTH_SOCK', '/run/user/1000/keyring/ssh'), ('XML_CATALOG_FILES', 'file:///home/alejandro/.local/share/mamba/envs/ros_env/etc/xml/catalog file:///etc/xml/catalog'), ('GSETTINGS_SCHEMA_DIR', '/home/alejandro/.local/share/mamba/envs/ros_env/share/glib-2.0/schemas'), ('AMENT_PREFIX_PATH', '/home/alejandro/.local/share/mamba/envs/ros_env'), ('CPPFLAGS', '-DNDEBUG -D_FORTIFY_SOURCE=2 -O2 -isystem /home/alejandro/.local/share/mamba/envs/ros_env/include'), ('CONDA_PYTHON_EXE', '/home/alejandro/miniforge3/bin/python'), ('SHELL', '/bin/bash'), ('DEBUG_FFLAGS', '-march=nocona -mtune=haswell -ftree-vectorize -fPIC -fstack-protector-strong -fno-plt -O2 -ffunction-sections -pipe -isystem /home/alejandro/.local/share/mamba/envs/ros_env/include -I/home/alejandro/.local/share/mamba/envs/ros_env/include -march=nocona -mtune=haswell -ftree-vectorize -fPIC -fstack-protector-all -fno-plt -Og -g -Wall -Wextra -fcheck=all -fbacktrace -fimplicit-none -fvar-tracking-assignments -ffunction-sections -pipe'), ('CMAKE_ARGS', '-DCMAKE_AR=/home/alejandro/.local/share/mamba/envs/ros_env/bin/x86_64-conda-linux-gnu-ar -DCMAKE_CXX_COMPILER_AR=/home/alejandro/.local/share/mamba/envs/ros_env/bin/x86_64-conda-linux-gnu-gcc-ar -DCMAKE_C_COMPILER_AR=/home/alejandro/.local/share/mamba/envs/ros_env/bin/x86_64-conda-linux-gnu-gcc-ar -DCMAKE_RANLIB=/home/alejandro/.local/share/mamba/envs/ros_env/bin/x86_64-conda-linux-gnu-ranlib -DCMAKE_CXX_COMPILER_RANLIB=/home/alejandro/.local/share/mamba/envs/ros_env/bin/x86_64-conda-linux-gnu-gcc-ranlib -DCMAKE_C_COMPILER_RANLIB=/home/alejandro/.local/share/mamba/envs/ros_env/bin/x86_64-conda-linux-gnu-gcc-ranlib -DCMAKE_LINKER=/home/alejandro/.local/share/mamba/envs/ros_env/bin/x86_64-conda-linux-gnu-ld -DCMAKE_STRIP=/home/alejandro/.local/share/mamba/envs/ros_env/bin/x86_64-conda-linux-gnu-strip -DCMAKE_BUILD_TYPE=Release'), ('HOST', 'x86_64-conda-linux-gnu'), ('QT_ACCESSIBILITY', '1'), ('CXX', '/home/alejandro/.local/share/mamba/envs/ros_env/bin/x86_64-conda-linux-gnu-c++'), ('DEBUG_CPPFLAGS', '-D_DEBUG -D_FORTIFY_SOURCE=2 -Og -isystem /home/alejandro/.local/share/mamba/envs/ros_env/include'), ('GDMSESSION', 'ubuntu'), ('LESSCLOSE', '/usr/bin/lesspipe %s %s'), ('DEBUG_FORTRANFLAGS', '-march=nocona -mtune=haswell -ftree-vectorize -fPIC -fstack-protector-strong -fno-plt -O2 -ffunction-sections -pipe -isystem /home/alejandro/.local/share/mamba/envs/ros_env/include -I/home/alejandro/.local/share/mamba/envs/ros_env/include -march=nocona -mtune=haswell -ftree-vectorize -fPIC -fstack-protector-all -fno-plt -Og -g -Wall -Wextra -fcheck=all -fbacktrace -fimplicit-none -fvar-tracking-assignments -ffunction-sections -pipe'), ('CONDA_DEFAULT_ENV', 'ros_env'), ('ADDR2LINE', '/home/alejandro/.local/share/mamba/envs/ros_env/bin/x86_64-conda-linux-gnu-addr2line'), ('MAMBA_EXE', '/home/alejandro/miniforge3/bin/mamba'), ('GCC_NM', '/home/alejandro/.local/share/mamba/envs/ros_env/bin/x86_64-conda-linux-gnu-gcc-nm'), ('GFORTRAN', '/home/alejandro/.local/share/mamba/envs/ros_env/bin/x86_64-conda-linux-gnu-gfortran'), ('CONDA_BUILD_SYSROOT', '/home/alejandro/.local/share/mamba/envs/ros_env/x86_64-conda-linux-gnu/sysroot'), ('QT_IM_MODULE', 'ibus'), ('PWD', '/home/alejandro/ros2_ws/build/phantom_vision'), ('LD_GOLD', '/home/alejandro/.local/share/mamba/envs/ros_env/bin/x86_64-conda-linux-gnu-ld.gold'), ('LC_ALL', 'en_US.UTF-8'), ('XDG_CONFIG_DIRS', '/etc/xdg/xdg-ubuntu:/etc/xdg'), ('CONDA_EXE', '/home/alejandro/miniforge3/bin/conda'), ('FFLAGS', '-march=nocona -mtune=haswell -ftree-vectorize -fPIC -fstack-protector-strong -fno-plt -O2 -ffunction-sections -pipe -isystem /home/alejandro/.local/share/mamba/envs/ros_env/include -I/home/alejandro/.local/share/mamba/envs/ros_env/include'), ('LD', '/home/alejandro/.local/share/mamba/envs/ros_env/bin/x86_64-conda-linux-gnu-ld'), ('XDG_DATA_DIRS', '/usr/share/ubuntu:/home/alejandro/.local/share/flatpak/exports/share:/var/lib/flatpak/exports/share:/usr/local/share/:/usr/share/:/var/lib/snapd/desktop'), ('PYTHONPATH', '/home/alejandro/.local/share/mamba/envs/ros_env/lib/python311/site-packages:/home/alejandro/.local/share/mamba/envs/ros_env/lib/python3.11/site-packages'), ('GPROF', '/home/alejandro/.local/share/mamba/envs/ros_env/bin/x86_64-conda-linux-gnu-gprof'), ('DWP', '/home/alejandro/.local/share/mamba/envs/ros_env/bin/x86_64-conda-linux-gnu-dwp'), ('CONDA_PREFIX', '/home/alejandro/.local/share/mamba/envs/ros_env'), ('GSETTINGS_SCHEMA_DIR_CONDA_BACKUP', ''), ('CONDA_TOOLCHAIN_HOST', 'x86_64-conda-linux-gnu'), ('host_alias', 'x86_64-conda-linux-gnu'), ('FORTRANFLAGS', '-march=nocona -mtune=haswell -ftree-vectorize -fPIC -fstack-protector-strong -fno-plt -O2 -ffunction-sections -pipe -isystem /home/alejandro/.local/share/mamba/envs/ros_env/include -I/home/alejandro/.local/share/mamba/envs/ros_env/include'), ('CC', '/home/alejandro/.local/share/mamba/envs/ros_env/bin/x86_64-conda-linux-gnu-cc'), ('RANLIB', '/home/alejandro/.local/share/mamba/envs/ros_env/bin/x86_64-conda-linux-gnu-ranlib'), ('COLCON', '1'), ('VTE_VERSION', '6800'), ('CXX_FOR_BUILD', '/home/alejandro/.local/share/mamba/envs/ros_env/bin/x86_64-conda-linux-gnu-c++'), ('CMAKE_PREFIX_PATH', '/opt/ros/humble:/home/alejandro/.local/share/mamba/envs/ros_env:/home/alejandro/.local/share/mamba/envs/ros_env/x86_64-conda-linux-gnu/sysroot/usr'), ('NM', '/home/alejandro/.local/share/mamba/envs/ros_env/bin/x86_64-conda-linux-gnu-nm'), ('OBJDUMP', '/home/alejandro/.local/share/mamba/envs/ros_env/bin/x86_64-conda-linux-gnu-objdump')]), 'shell': False}
[0.249877] (phantom_control) StderrLine: {'line': b'\x1b[0mCMake Deprecation Warning at CMakeLists.txt:1 (cmake_minimum_required):\n'}
[0.250107] (phantom_control) StderrLine: {'line': b'  Compatibility with CMake < 3.10 will be removed from a future version of\n'}
[0.251599] (phantom_control) StderrLine: {'line': b'  CMake.\n'}
[0.251832] (phantom_control) StderrLine: {'line': b'\n'}
[0.251903] (phantom_control) StderrLine: {'line': b'  Update the VERSION argument <min> value.  Or, use the <min>...<max> syntax\n'}
[0.251950] (phantom_control) StderrLine: {'line': b'  to tell CMake that the project requires at least <min> but has been updated\n'}
[0.252015] (phantom_control) StderrLine: {'line': b'  to work with policies introduced by <max> or earlier.\n'}
[0.252145] (phantom_control) StderrLine: {'line': b'\n'}
[0.252202] (phantom_control) StderrLine: {'line': b'\x1b[0m\n'}
[0.252250] (phantom_coppelia) StderrLine: {'line': b'\x1b[0mCMake Deprecation Warning at CMakeLists.txt:1 (cmake_minimum_required):\n'}
[0.253598] (phantom_coppelia) StderrLine: {'line': b'  Compatibility with CMake < 3.10 will be removed from a future version of\n'}
[0.253739] (phantom_coppelia) StderrLine: {'line': b'  CMake.\n'}
[0.253822] (phantom_coppelia) StderrLine: {'line': b'\n'}
[0.253897] (phantom_coppelia) StderrLine: {'line': b'  Update the VERSION argument <min> value.  Or, use the <min>...<max> syntax\n'}
[0.253970] (phantom_coppelia) StderrLine: {'line': b'  to tell CMake that the project requires at least <min> but has been updated\n'}
[0.254057] (phantom_coppelia) StderrLine: {'line': b'  to work with policies introduced by <max> or earlier.\n'}
[0.254141] (phantom_coppelia) StderrLine: {'line': b'\n'}
[0.254221] (phantom_coppelia) StderrLine: {'line': b'\x1b[0m\n'}
[0.255508] (phantom_description) StderrLine: {'line': b'\x1b[0mCMake Deprecation Warning at CMakeLists.txt:1 (cmake_minimum_required):\n'}
[0.255734] (phantom_description) StderrLine: {'line': b'  Compatibility with CMake < 3.10 will be removed from a future version of\n'}
[0.255821] (phantom_description) StderrLine: {'line': b'  CMake.\n'}
[0.255906] (phantom_description) StderrLine: {'line': b'\n'}
[0.255991] (phantom_description) StderrLine: {'line': b'  Update the VERSION argument <min> value.  Or, use the <min>...<max> syntax\n'}
[0.256110] (phantom_description) StderrLine: {'line': b'  to tell CMake that the project requires at least <min> but has been updated\n'}
[0.256212] (phantom_description) StderrLine: {'line': b'  to work with policies introduced by <max> or earlier.\n'}
[0.256304] (phantom_description) StderrLine: {'line': b'\n'}
[0.256392] (phantom_description) StderrLine: {'line': b'\x1b[0m\n'}
[0.258006] (phantom_vision) StderrLine: {'line': b'\x1b[0mCMake Deprecation Warning at CMakeLists.txt:1 (cmake_minimum_required):\n'}
[0.258171] (phantom_vision) StderrLine: {'line': b'  Compatibility with CMake < 3.10 will be removed from a future version of\n'}
[0.258229] (phantom_vision) StderrLine: {'line': b'  CMake.\n'}
[0.258278] (phantom_vision) StderrLine: {'line': b'\n'}
[0.258324] (phantom_vision) StderrLine: {'line': b'  Update the VERSION argument <min> value.  Or, use the <min>...<max> syntax\n'}
[0.258380] (phantom_vision) StderrLine: {'line': b'  to tell CMake that the project requires at least <min> but has been updated\n'}
[0.258441] (phantom_vision) StderrLine: {'line': b'  to work with policies introduced by <max> or earlier.\n'}
[0.258493] (phantom_vision) StderrLine: {'line': b'\n'}
[0.258539] (phantom_vision) StderrLine: {'line': b'\x1b[0m\n'}
[0.300077] (-) TimerEvent: {}
[0.400273] (-) TimerEvent: {}
[0.500453] (-) TimerEvent: {}
[0.600650] (-) TimerEvent: {}
[0.700838] (-) TimerEvent: {}
[0.773643] (my_first_package) Command: {'cmd': ['/home/alejandro/.local/share/mamba/envs/ros_env/bin/python3.11', '-W', 'ignore:setup.py install is deprecated', 'setup.py', 'egg_info', '--egg-base', '../../../../build/my_first_package', 'build', '--build-base', '/home/alejandro/ros2_ws/build/my_first_package/build', 'install', '--record', '/home/alejandro/ros2_ws/build/my_first_package/install.log', '--single-version-externally-managed', 'install_data'], 'cwd': '/home/alejandro/ros2_ws/phantom_ws/src/phantom_ex/my_first_package', 'env': {'LESSOPEN': '| /usr/bin/lesspipe %s', 'CONDA_PROMPT_MODIFIER': '(ros_env)', 'USER': 'alejandro', 'CXXFLAGS': '-fvisibility-inlines-hidden -fmessage-length=0 -march=nocona -mtune=haswell -ftree-vectorize -fPIC -fstack-protector-strong -fno-plt -O2 -ffunction-sections -pipe -isystem /home/alejandro/.local/share/mamba/envs/ros_env/include', 'GCC_RANLIB': '/home/alejandro/.local/share/mamba/envs/ros_env/bin/x86_64-conda-linux-gnu-gcc-ranlib', 'XDG_SESSION_TYPE': 'wayland', 'OBJCOPY': '/home/alejandro/.local/share/mamba/envs/ros_env/bin/x86_64-conda-linux-gnu-objcopy', 'DEBUG_CXXFLAGS': '-fvisibility-inlines-hidden -fmessage-length=0 -march=nocona -mtune=haswell -ftree-vectorize -fPIC -fstack-protector-all -fno-plt -Og -g -Wall -Wextra -fvar-tracking-assignments -ffunction-sections -pipe -isystem /home/alejandro/.local/share/mamba/envs/ros_env/include', 'ROS_ETC_DIR': '/home/alejandro/.local/share/mamba/envs/ros_env/etc/ros', 'SIZE': '/home/alejandro/.local/share/mamba/envs/ros_env/bin/x86_64-conda-linux-gnu-size', 'SHLVL': '1', 'LD_LIBRARY_PATH': '/home/alejandro/.local/share/mamba/envs/ros_env/lib:/home/alejandro/.local/share/mamba/envs/ros_env/opt/rviz_ogre_vendor/lib', 'HOME': '/home/alejandro', 'CC_FOR_BUILD': '/home/alejandro/.local/share/mamba/envs/ros_env/bin/x86_64-conda-linux-gnu-cc', 'CONDA_SHLVL': '2', 'OLDPWD': '/home/alejandro', 'DESKTOP_SESSION': 'ubuntu', 'CONDA_TOOLCHAIN_BUILD': 'x86_64-conda-linux-gnu', 'F90': '/home/alejandro/.local/share/mamba/envs/ros_env/bin/x86_64-conda-linux-gnu-gfortran', 'ROS_PYTHON_VERSION': '3', 'GNOME_SHELL_SESSION_MODE': 'ubuntu', 'GTK_MODULES': 'gail:atk-bridge', 'LDFLAGS': '-Wl,-O2 -Wl,--sort-common -Wl,--as-needed -Wl,-z,relro -Wl,-z,now -Wl,--disable-new-dtags -Wl,--gc-sections -Wl,--allow-shlib-undefined -Wl,-rpath,/home/alejandro/.local/share/mamba/envs/ros_env/lib -Wl,-rpath-link,/home/alejandro/.local/share/mamba/envs/ros_env/lib -L/home/alejandro/.local/share/mamba/envs/ros_env/lib', 'FC': '/home/alejandro/.local/share/mamba/envs/ros_env/bin/x86_64-conda-linux-gnu-gfortran', 'STRINGS': '/home/alejandro/.local/share/mamba/envs/ros_env/bin/x86_64-conda-linux-gnu-strings', 'SYSTEMD_EXEC_PID': '1605', 'DBUS_SESSION_BUS_ADDRESS': 'unix:path=/run/user/1000/bus', 'COLORTERM': 'truecolor', 'CPP': '/home/alejandro/.local/share/mamba/envs/ros_env/bin/x86_64-conda-linux-gnu-cpp', 'F77': '/home/alejandro/.local/share/mamba/envs/ros_env/bin/x86_64-conda-linux-gnu-gfortran', 'F95': '/home/alejandro/.local/share/mamba/envs/ros_env/bin/x86_64-conda-linux-gnu-f95', 'IM_CONFIG_PHASE': '1', 'WAYLAND_DISPLAY': 'wayland-0', 'ELFEDIT': '/home/alejandro/.local/share/mamba/envs/ros_env/bin/x86_64-conda-linux-gnu-elfedit', 'STRIP': '/home/alejandro/.local/share/mamba/envs/ros_env/bin/x86_64-conda-linux-gnu-strip', 'ROS_DISTRO': 'humble', 'LOGNAME': 'alejandro', 'GCC': '/home/alejandro/.local/share/mamba/envs/ros_env/bin/x86_64-conda-linux-gnu-gcc', '_': '/home/alejandro/.local/share/mamba/envs/ros_env/bin/colcon', 'ROS_VERSION': '2', 'READELF': '/home/alejandro/.local/share/mamba/envs/ros_env/bin/x86_64-conda-linux-gnu-readelf', 'XDG_SESSION_CLASS': 'user', 'AR': '/home/alejandro/.local/share/mamba/envs/ros_env/bin/x86_64-conda-linux-gnu-ar', 'USERNAME': 'alejandro', 'GXX': '/home/alejandro/.local/share/mamba/envs/ros_env/bin/x86_64-conda-linux-gnu-g++', 'FC_FOR_BUILD': '/home/alejandro/.local/share/mamba/envs/ros_env/bin/x86_64-conda-linux-gnu-gfortran', 'TERM': 'xterm-256color', 'AS': '/home/alejandro/.local/share/mamba/envs/ros_env/bin/x86_64-conda-linux-gnu-as', 'COPPELIASIM_ROOT_DIR': '/home/alejandro/CoppeliaSim', 'GNOME_DESKTOP_SESSION_ID': 'this-is-deprecated', 'ROS_LOCALHOST_ONLY': '0', 'CXXFILT': '/home/alejandro/.local/share/mamba/envs/ros_env/bin/x86_64-conda-linux-gnu-c++filt', 'ROS_OS_OVERRIDE': 'conda:linux', 'BUILD': 'x86_64-conda-linux-gnu', 'PATH': '/home/alejandro/.local/share/mamba/envs/ros_env/bin:/home/alejandro/miniforge3/condabin:/usr/local/sbin:/usr/local/bin:/usr/sbin:/usr/bin:/sbin:/bin:/usr/games:/usr/local/games:/snap/bin', 'SESSION_MANAGER': 'local/SB3:@/tmp/.ICE-unix/1258,unix/SB3:/tmp/.ICE-unix/1258', 'PROJ_NETWORK': 'ON', 'XDG_MENU_PREFIX': 'gnome-', 'build_alias': 'x86_64-conda-linux-gnu', 'GNOME_TERMINAL_SCREEN': '/org/gnome/Terminal/screen/79cfbfa2_1dde_492a_8f83_f2207b1568de', 'GNOME_SETUP_DISPLAY': ':1', 'PROJ_DATA': '/home/alejandro/.local/share/mamba/envs/ros_env/share/proj', 'XDG_RUNTIME_DIR': '/run/user/1000', 'CFLAGS': '-march=nocona -mtune=haswell -ftree-vectorize -fPIC -fstack-protector-strong -fno-plt -O2 -ffunction-sections -pipe -isystem /home/alejandro/.local/share/mamba/envs/ros_env/include', 'MAMBA_ROOT_PREFIX': '/home/alejandro/.local/share/mamba', 'GCC_AR': '/home/alejandro/.local/share/mamba/envs/ros_env/bin/x86_64-conda-linux-gnu-gcc-ar', 'DISPLAY': ':0', 'LANG': 'en_US.UTF-8', 'DEBUG_CFLAGS': '-march=nocona -mtune=haswell -ftree-vectorize -fPIC -fstack-protector-all -fno-plt -Og -g -Wall -Wextra -fvar-tracking-assignments -ffunction-sections -pipe -isystem /home/alejandro/.local/share/mamba/envs/ros_env/include', 'XDG_CURRENT_DESKTOP': 'ubuntu:GNOME', 'CONDA_PREFIX_1': '/home/alejandro/miniforge3', '_CONDA_PYTHON_SYSCONFIGDATA_NAME': '_sysconfigdata_x86_64_conda_cos6_linux_gnu', 'XMODIFIERS': '@im=ibus', 'XDG_SESSION_DESKTOP': 'ubuntu', 'XAUTHORITY': '/run/user/1000/.mutter-Xwaylandauth.9MX222', 'MESON_ARGS': '-Dbuildtype=release', 'LS_COLORS': 'rs=0:di=01;34:ln=01;36:mh=00:pi=40;33:so=01;35:do=01;35:bd=40;33;01:cd=40;33;01:or=40;31;01:mi=00:su=37;41:sg=30;43:ca=30;41:tw=30;42:ow=34;42:st=37;44:ex=01;32:*.tar=01;31:*.tgz=01;31:*.arc=01;31:*.arj=01;31:*.taz=01;31:*.lha=01;31:*.lz4=01;31:*.lzh=01;31:*.lzma=01;31:*.tlz=01;31:*.txz=01;31:*.tzo=01;31:*.t7z=01;31:*.zip=01;31:*.z=01;31:*.dz=01;31:*.gz=01;31:*.lrz=01;31:*.lz=01;31:*.lzo=01;31:*.xz=01;31:*.zst=01;31:*.tzst=01;31:*.bz2=01;31:*.bz=01;31:*.tbz=01;31:*.tbz2=01;31:*.tz=01;31:*.deb=01;31:*.rpm=01;31:*.jar=01;31:*.war=01;31:*.ear=01;31:*.sar=01;31:*.rar=01;31:*.alz=01;31:*.ace=01;31:*.zoo=01;31:*.cpio=01;31:*.7z=01;31:*.rz=01;31:*.cab=01;31:*.wim=01;31:*.swm=01;31:*.dwm=01;31:*.esd=01;31:*.jpg=01;35:*.jpeg=01;35:*.mjpg=01;35:*.mjpeg=01;35:*.gif=01;35:*.bmp=01;35:*.pbm=01;35:*.pgm=01;35:*.ppm=01;35:*.tga=01;35:*.xbm=01;35:*.xpm=01;35:*.tif=01;35:*.tiff=01;35:*.png=01;35:*.svg=01;35:*.svgz=01;35:*.mng=01;35:*.pcx=01;35:*.mov=01;35:*.mpg=01;35:*.mpeg=01;35:*.m2v=01;35:*.mkv=01;35:*.webm=01;35:*.webp=01;35:*.ogm=01;35:*.mp4=01;35:*.m4v=01;35:*.mp4v=01;35:*.vob=01;35:*.qt=01;35:*.nuv=01;35:*.wmv=01;35:*.asf=01;35:*.rm=01;35:*.rmvb=01;35:*.flc=01;35:*.avi=01;35:*.fli=01;35:*.flv=01;35:*.gl=01;35:*.dl=01;35:*.xcf=01;35:*.xwd=01;35:*.yuv=01;35:*.cgm=01;35:*.emf=01;35:*.ogv=01;35:*.ogx=01;35:*.aac=00;36:*.au=00;36:*.flac=00;36:*.m4a=00;36:*.mid=00;36:*.midi=00;36:*.mka=00;36:*.mp3=00;36:*.mpc=00;36:*.ogg=00;36:*.ra=00;36:*.wav=00;36:*.oga=00;36:*.opus=00;36:*.spx=00;36:*.xspf=00;36:', 'GNOME_TERMINAL_SERVICE': ':1.139', 'SSH_AGENT_LAUNCHER': 'gnome-keyring', 'SSH_AUTH_SOCK': '/run/user/1000/keyring/ssh', 'XML_CATALOG_FILES': 'file:///home/alejandro/.local/share/mamba/envs/ros_env/etc/xml/catalog file:///etc/xml/catalog', 'GSETTINGS_SCHEMA_DIR': '/home/alejandro/.local/share/mamba/envs/ros_env/share/glib-2.0/schemas', 'AMENT_PREFIX_PATH': '/home/alejandro/.local/share/mamba/envs/ros_env', 'CPPFLAGS': '-DNDEBUG -D_FORTIFY_SOURCE=2 -O2 -isystem /home/alejandro/.local/share/mamba/envs/ros_env/include', 'CONDA_PYTHON_EXE': '/home/alejandro/miniforge3/bin/python', 'SHELL': '/bin/bash', 'DEBUG_FFLAGS': '-march=nocona -mtune=haswell -ftree-vectorize -fPIC -fstack-protector-strong -fno-plt -O2 -ffunction-sections -pipe -isystem /home/alejandro/.local/share/mamba/envs/ros_env/include -I/home/alejandro/.local/share/mamba/envs/ros_env/include -march=nocona -mtune=haswell -ftree-vectorize -fPIC -fstack-protector-all -fno-plt -Og -g -Wall -Wextra -fcheck=all -fbacktrace -fimplicit-none -fvar-tracking-assignments -ffunction-sections -pipe', 'CMAKE_ARGS': '-DCMAKE_AR=/home/alejandro/.local/share/mamba/envs/ros_env/bin/x86_64-conda-linux-gnu-ar -DCMAKE_CXX_COMPILER_AR=/home/alejandro/.local/share/mamba/envs/ros_env/bin/x86_64-conda-linux-gnu-gcc-ar -DCMAKE_C_COMPILER_AR=/home/alejandro/.local/share/mamba/envs/ros_env/bin/x86_64-conda-linux-gnu-gcc-ar -DCMAKE_RANLIB=/home/alejandro/.local/share/mamba/envs/ros_env/bin/x86_64-conda-linux-gnu-ranlib -DCMAKE_CXX_COMPILER_RANLIB=/home/alejandro/.local/share/mamba/envs/ros_env/bin/x86_64-conda-linux-gnu-gcc-ranlib -DCMAKE_C_COMPILER_RANLIB=/home/alejandro/.local/share/mamba/envs/ros_env/bin/x86_64-conda-linux-gnu-gcc-ranlib -DCMAKE_LINKER=/home/alejandro/.local/share/mamba/envs/ros_env/bin/x86_64-conda-linux-gnu-ld -DCMAKE_STRIP=/home/alejandro/.local/share/mamba/envs/ros_env/bin/x86_64-conda-linux-gnu-strip -DCMAKE_BUILD_TYPE=Release', 'HOST': 'x86_64-conda-linux-gnu', 'QT_ACCESSIBILITY': '1', 'CXX': '/home/alejandro/.local/share/mamba/envs/ros_env/bin/x86_64-conda-linux-gnu-c++', 'DEBUG_CPPFLAGS': '-D_DEBUG -D_FORTIFY_SOURCE=2 -Og -isystem /home/alejandro/.local/share/mamba/envs/ros_env/include', 'GDMSESSION': 'ubuntu', 'LESSCLOSE': '/usr/bin/lesspipe %s %s', 'DEBUG_FORTRANFLAGS': '-march=nocona -mtune=haswell -ftree-vectorize -fPIC -fstack-protector-strong -fno-plt -O2 -ffunction-sections -pipe -isystem /home/alejandro/.local/share/mamba/envs/ros_env/include -I/home/alejandro/.local/share/mamba/envs/ros_env/include -march=nocona -mtune=haswell -ftree-vectorize -fPIC -fstack-protector-all -fno-plt -Og -g -Wall -Wextra -fcheck=all -fbacktrace -fimplicit-none -fvar-tracking-assignments -ffunction-sections -pipe', 'CONDA_DEFAULT_ENV': 'ros_env', 'ADDR2LINE': '/home/alejandro/.local/share/mamba/envs/ros_env/bin/x86_64-conda-linux-gnu-addr2line', 'MAMBA_EXE': '/home/alejandro/miniforge3/bin/mamba', 'GCC_NM': '/home/alejandro/.local/share/mamba/envs/ros_env/bin/x86_64-conda-linux-gnu-gcc-nm', 'GFORTRAN': '/home/alejandro/.local/share/mamba/envs/ros_env/bin/x86_64-conda-linux-gnu-gfortran', 'CONDA_BUILD_SYSROOT': '/home/alejandro/.local/share/mamba/envs/ros_env/x86_64-conda-linux-gnu/sysroot', 'QT_IM_MODULE': 'ibus', 'PWD': '/home/alejandro/ros2_ws/build/my_first_package', 'LD_GOLD': '/home/alejandro/.local/share/mamba/envs/ros_env/bin/x86_64-conda-linux-gnu-ld.gold', 'LC_ALL': 'en_US.UTF-8', 'XDG_CONFIG_DIRS': '/etc/xdg/xdg-ubuntu:/etc/xdg', 'CONDA_EXE': '/home/alejandro/miniforge3/bin/conda', 'FFLAGS': '-march=nocona -mtune=haswell -ftree-vectorize -fPIC -fstack-protector-strong -fno-plt -O2 -ffunction-sections -pipe -isystem /home/alejandro/.local/share/mamba/envs/ros_env/include -I/home/alejandro/.local/share/mamba/envs/ros_env/include', 'LD': '/home/alejandro/.local/share/mamba/envs/ros_env/bin/x86_64-conda-linux-gnu-ld', 'XDG_DATA_DIRS': '/usr/share/ubuntu:/home/alejandro/.local/share/flatpak/exports/share:/var/lib/flatpak/exports/share:/usr/local/share/:/usr/share/:/var/lib/snapd/desktop', 'PYTHONPATH': '/home/alejandro/ros2_ws/build/my_first_package/prefix_override:/home/alejandro/.local/share/mamba/envs/ros_env/lib/python3.11/site-packages/colcon_core/task/python/colcon_distutils_commands:/home/alejandro/ros2_ws/install/my_first_package/lib/python3.11/site-packages:/home/alejandro/.local/share/mamba/envs/ros_env/lib/python311/site-packages:/home/alejandro/.local/share/mamba/envs/ros_env/lib/python3.11/site-packages', 'GPROF': '/home/alejandro/.local/share/mamba/envs/ros_env/bin/x86_64-conda-linux-gnu-gprof', 'DWP': '/home/alejandro/.local/share/mamba/envs/ros_env/bin/x86_64-conda-linux-gnu-dwp', 'CONDA_PREFIX': '/home/alejandro/.local/share/mamba/envs/ros_env', 'GSETTINGS_SCHEMA_DIR_CONDA_BACKUP': '', 'CONDA_TOOLCHAIN_HOST': 'x86_64-conda-linux-gnu', 'host_alias': 'x86_64-conda-linux-gnu', 'FORTRANFLAGS': '-march=nocona -mtune=haswell -ftree-vectorize -fPIC -fstack-protector-strong -fno-plt -O2 -ffunction-sections -pipe -isystem /home/alejandro/.local/share/mamba/envs/ros_env/include -I/home/alejandro/.local/share/mamba/envs/ros_env/include', 'CC': '/home/alejandro/.local/share/mamba/envs/ros_env/bin/x86_64-conda-linux-gnu-cc', 'RANLIB': '/home/alejandro/.local/share/mamba/envs/ros_env/bin/x86_64-conda-linux-gnu-ranlib', 'COLCON': '1', 'VTE_VERSION': '6800', 'CXX_FOR_BUILD': '/home/alejandro/.local/share/mamba/envs/ros_env/bin/x86_64-conda-linux-gnu-c++', 'CMAKE_PREFIX_PATH': '/opt/ros/humble:/home/alejandro/.local/share/mamba/envs/ros_env:/home/alejandro/.local/share/mamba/envs/ros_env/x86_64-conda-linux-gnu/sysroot/usr', 'NM': '/home/alejandro/.local/share/mamba/envs/ros_env/bin/x86_64-conda-linux-gnu-nm', 'OBJDUMP': '/home/alejandro/.local/share/mamba/envs/ros_env/bin/x86_64-conda-linux-gnu-objdump'}, 'shell': False}
[0.800930] (-) TimerEvent: {}
[0.901080] (-) TimerEvent: {}
[0.966817] (my_first_package) StderrLine: {'line': b"/home/alejandro/.local/share/mamba/envs/ros_env/lib/python3.11/site-packages/setuptools/_distutils/dist.py:270: UserWarning: Unknown distribution option: 'tests_require'\n"}
[0.967069] (my_first_package) StderrLine: {'line': b'  warnings.warn(msg)\n'}
[0.967572] (phantom_description) StdoutLine: {'line': b'-- The C compiler identification is GNU 13.3.0\n'}
[0.967732] (phantom_coppelia) StdoutLine: {'line': b'-- The C compiler identification is GNU 13.3.0\n'}
[0.970076] (phantom_vision) StdoutLine: {'line': b'-- The C compiler identification is GNU 13.3.0\n'}
[0.970881] (phantom_control) StdoutLine: {'line': b'-- The C compiler identification is GNU 13.3.0\n'}
[1.001185] (-) TimerEvent: {}
[1.082629] (my_first_package) StdoutLine: {'line': b'running egg_info\n'}
[1.098294] (my_first_package) StdoutLine: {'line': b'creating ../../../../build/my_first_package/my_first_package.egg-info\n'}
[1.098461] (my_first_package) StdoutLine: {'line': b'writing ../../../../build/my_first_package/my_first_package.egg-info/PKG-INFO\n'}
[1.098977] (my_first_package) StdoutLine: {'line': b'writing dependency_links to ../../../../build/my_first_package/my_first_package.egg-info/dependency_links.txt\n'}
[1.099234] (my_first_package) StdoutLine: {'line': b'writing entry points to ../../../../build/my_first_package/my_first_package.egg-info/entry_points.txt\n'}
[1.099421] (my_first_package) StdoutLine: {'line': b'writing requirements to ../../../../build/my_first_package/my_first_package.egg-info/requires.txt\n'}
[1.099522] (my_first_package) StdoutLine: {'line': b'writing top-level names to ../../../../build/my_first_package/my_first_package.egg-info/top_level.txt\n'}
[1.099711] (my_first_package) StdoutLine: {'line': b"writing manifest file '../../../../build/my_first_package/my_first_package.egg-info/SOURCES.txt'\n"}
[1.101249] (-) TimerEvent: {}
[1.133107] (my_first_package) StdoutLine: {'line': b"reading manifest file '../../../../build/my_first_package/my_first_package.egg-info/SOURCES.txt'\n"}
[1.134520] (my_first_package) StdoutLine: {'line': b"writing manifest file '../../../../build/my_first_package/my_first_package.egg-info/SOURCES.txt'\n"}
[1.136350] (my_first_package) StdoutLine: {'line': b'running build\n'}
[1.136619] (my_first_package) StdoutLine: {'line': b'running build_py\n'}
[1.136789] (my_first_package) StdoutLine: {'line': b'creating /home/alejandro/ros2_ws/build/my_first_package/build/lib/my_first_package\n'}
[1.136914] (my_first_package) StdoutLine: {'line': b'copying my_first_package/PhantomXController.py -> /home/alejandro/ros2_ws/build/my_first_package/build/lib/my_first_package\n'}
[1.137140] (my_first_package) StdoutLine: {'line': b'copying my_first_package/my_node.py -> /home/alejandro/ros2_ws/build/my_first_package/build/lib/my_first_package\n'}
[1.137297] (my_first_package) StdoutLine: {'line': b'copying my_first_package/xbox_controller_reader (copy).py -> /home/alejandro/ros2_ws/build/my_first_package/build/lib/my_first_package\n'}
[1.137446] (my_first_package) StdoutLine: {'line': b'copying my_first_package/xbox_controller_reader.py -> /home/alejandro/ros2_ws/build/my_first_package/build/lib/my_first_package\n'}
[1.137609] (my_first_package) StdoutLine: {'line': b'copying my_first_package/__init__.py -> /home/alejandro/ros2_ws/build/my_first_package/build/lib/my_first_package\n'}
[1.138039] (my_first_package) StdoutLine: {'line': b'running install\n'}
[1.145698] (my_first_package) StdoutLine: {'line': b'running install_lib\n'}
[1.161589] (my_first_package) StdoutLine: {'line': b'creating /home/alejandro/ros2_ws/install/my_first_package/lib/python3.11/site-packages/my_first_package\n'}
[1.161773] (my_first_package) StdoutLine: {'line': b'copying /home/alejandro/ros2_ws/build/my_first_package/build/lib/my_first_package/PhantomXController.py -> /home/alejandro/ros2_ws/install/my_first_package/lib/python3.11/site-packages/my_first_package\n'}
[1.161949] (my_first_package) StdoutLine: {'line': b'copying /home/alejandro/ros2_ws/build/my_first_package/build/lib/my_first_package/my_node.py -> /home/alejandro/ros2_ws/install/my_first_package/lib/python3.11/site-packages/my_first_package\n'}
[1.162190] (my_first_package) StdoutLine: {'line': b'copying /home/alejandro/ros2_ws/build/my_first_package/build/lib/my_first_package/xbox_controller_reader (copy).py -> /home/alejandro/ros2_ws/install/my_first_package/lib/python3.11/site-packages/my_first_package\n'}
[1.162381] (my_first_package) StdoutLine: {'line': b'copying /home/alejandro/ros2_ws/build/my_first_package/build/lib/my_first_package/xbox_controller_reader.py -> /home/alejandro/ros2_ws/install/my_first_package/lib/python3.11/site-packages/my_first_package\n'}
[1.162535] (my_first_package) StdoutLine: {'line': b'copying /home/alejandro/ros2_ws/build/my_first_package/build/lib/my_first_package/__init__.py -> /home/alejandro/ros2_ws/install/my_first_package/lib/python3.11/site-packages/my_first_package\n'}
[1.163216] (my_first_package) StdoutLine: {'line': b'byte-compiling /home/alejandro/ros2_ws/install/my_first_package/lib/python3.11/site-packages/my_first_package/PhantomXController.py to PhantomXController.cpython-311.pyc\n'}
[1.164744] (my_first_package) StdoutLine: {'line': b'byte-compiling /home/alejandro/ros2_ws/install/my_first_package/lib/python3.11/site-packages/my_first_package/my_node.py to my_node.cpython-311.pyc\n'}
[1.165017] (my_first_package) StdoutLine: {'line': b'byte-compiling /home/alejandro/ros2_ws/install/my_first_package/lib/python3.11/site-packages/my_first_package/xbox_controller_reader (copy).py to xbox_controller_reader (copy).cpython-311.pyc\n'}
[1.166033] (my_first_package) StdoutLine: {'line': b'byte-compiling /home/alejandro/ros2_ws/install/my_first_package/lib/python3.11/site-packages/my_first_package/xbox_controller_reader.py to xbox_controller_reader.cpython-311.pyc\n'}
[1.167274] (my_first_package) StdoutLine: {'line': b'byte-compiling /home/alejandro/ros2_ws/install/my_first_package/lib/python3.11/site-packages/my_first_package/__init__.py to __init__.cpython-311.pyc\n'}
[1.167417] (my_first_package) StdoutLine: {'line': b'running install_data\n'}
[1.167682] (my_first_package) StdoutLine: {'line': b'creating /home/alejandro/ros2_ws/install/my_first_package/share/ament_index/resource_index/packages\n'}
[1.167889] (my_first_package) StdoutLine: {'line': b'copying resource/my_first_package -> /home/alejandro/ros2_ws/install/my_first_package/share/ament_index/resource_index/packages\n'}
[1.168110] (my_first_package) StdoutLine: {'line': b'copying package.xml -> /home/alejandro/ros2_ws/install/my_first_package/share/my_first_package\n'}
[1.168233] (my_first_package) StdoutLine: {'line': b'running install_egg_info\n'}
[1.186225] (my_first_package) StdoutLine: {'line': b'Copying ../../../../build/my_first_package/my_first_package.egg-info to /home/alejandro/ros2_ws/install/my_first_package/lib/python3.11/site-packages/my_first_package-0.0.0-py3.11.egg-info\n'}
[1.187262] (my_first_package) StdoutLine: {'line': b'running install_scripts\n'}
[1.201357] (-) TimerEvent: {}
[1.285317] (my_first_package) StdoutLine: {'line': b'Installing dynamixel script to /home/alejandro/ros2_ws/install/my_first_package/lib/my_first_package\n'}
[1.285540] (my_first_package) StdoutLine: {'line': b'Installing my_node script to /home/alejandro/ros2_ws/install/my_first_package/lib/my_first_package\n'}
[1.285655] (my_first_package) StdoutLine: {'line': b'Installing reader script to /home/alejandro/ros2_ws/install/my_first_package/lib/my_first_package\n'}
[1.286066] (my_first_package) StdoutLine: {'line': b"writing list of installed files to '/home/alejandro/ros2_ws/build/my_first_package/install.log'\n"}
[1.301472] (-) TimerEvent: {}
[1.323457] (my_first_package) CommandEnded: {'returncode': 0}
[1.336061] (my_first_package) JobEnded: {'identifier': 'my_first_package', 'rc': 0}
[1.401590] (-) TimerEvent: {}
[1.501898] (-) TimerEvent: {}
[1.602692] (-) TimerEvent: {}
[1.658625] (phantom_vision) StdoutLine: {'line': b'-- The CXX compiler identification is GNU 13.3.0\n'}
[1.664180] (phantom_coppelia) StdoutLine: {'line': b'-- The CXX compiler identification is GNU 13.3.0\n'}
[1.674449] (phantom_description) StdoutLine: {'line': b'-- The CXX compiler identification is GNU 13.3.0\n'}
[1.674665] (phantom_control) StdoutLine: {'line': b'-- The CXX compiler identification is GNU 13.3.0\n'}
[1.680807] (phantom_vision) StdoutLine: {'line': b'-- Detecting C compiler ABI info\n'}
[1.680950] (phantom_coppelia) StdoutLine: {'line': b'-- Detecting C compiler ABI info\n'}
[1.686522] (phantom_control) StdoutLine: {'line': b'-- Detecting C compiler ABI info\n'}
[1.689578] (phantom_description) StdoutLine: {'line': b'-- Detecting C compiler ABI info\n'}
[1.702804] (-) TimerEvent: {}
[1.803063] (-) TimerEvent: {}
[1.811691] (phantom_control) StdoutLine: {'line': b'-- Detecting C compiler ABI info - done\n'}
[1.816411] (phantom_description) StdoutLine: {'line': b'-- Detecting C compiler ABI info - done\n'}
[1.821881] (phantom_vision) StdoutLine: {'line': b'-- Detecting C compiler ABI info - done\n'}
[1.822727] (phantom_coppelia) StdoutLine: {'line': b'-- Detecting C compiler ABI info - done\n'}
[1.842487] (phantom_control) StdoutLine: {'line': b'-- Check for working C compiler: /home/alejandro/.local/share/mamba/envs/ros_env/bin/x86_64-conda-linux-gnu-cc - skipped\n'}
[1.843501] (phantom_control) StdoutLine: {'line': b'-- Detecting C compile features\n'}
[1.844541] (phantom_control) StdoutLine: {'line': b'-- Detecting C compile features - done\n'}
[1.860285] (phantom_vision) StdoutLine: {'line': b'-- Check for working C compiler: /home/alejandro/.local/share/mamba/envs/ros_env/bin/x86_64-conda-linux-gnu-cc - skipped\n'}
[1.860689] (phantom_vision) StdoutLine: {'line': b'-- Detecting C compile features\n'}
[1.861260] (phantom_vision) StdoutLine: {'line': b'-- Detecting C compile features - done\n'}
[1.862994] (phantom_description) StdoutLine: {'line': b'-- Check for working C compiler: /home/alejandro/.local/share/mamba/envs/ros_env/bin/x86_64-conda-linux-gnu-cc - skipped\n'}
[1.863559] (phantom_description) StdoutLine: {'line': b'-- Detecting C compile features\n'}
[1.864199] (phantom_description) StdoutLine: {'line': b'-- Detecting C compile features - done\n'}
[1.866305] (phantom_coppelia) StdoutLine: {'line': b'-- Check for working C compiler: /home/alejandro/.local/share/mamba/envs/ros_env/bin/x86_64-conda-linux-gnu-cc - skipped\n'}
[1.866745] (phantom_coppelia) StdoutLine: {'line': b'-- Detecting C compile features\n'}
[1.867444] (phantom_coppelia) StdoutLine: {'line': b'-- Detecting C compile features - done\n'}
[1.869213] (phantom_control) StdoutLine: {'line': b'-- Detecting CXX compiler ABI info\n'}
[1.880679] (phantom_vision) StdoutLine: {'line': b'-- Detecting CXX compiler ABI info\n'}
[1.882119] (phantom_description) StdoutLine: {'line': b'-- Detecting CXX compiler ABI info\n'}
[1.883464] (phantom_coppelia) StdoutLine: {'line': b'-- Detecting CXX compiler ABI info\n'}
[1.903159] (-) TimerEvent: {}
[2.003536] (-) TimerEvent: {}
[2.031155] (phantom_vision) StdoutLine: {'line': b'-- Detecting CXX compiler ABI info - done\n'}
[2.032199] (phantom_coppelia) StdoutLine: {'line': b'-- Detecting CXX compiler ABI info - done\n'}
[2.032476] (phantom_description) StdoutLine: {'line': b'-- Detecting CXX compiler ABI info - done\n'}
[2.045591] (phantom_control) StdoutLine: {'line': b'-- Detecting CXX compiler ABI info - done\n'}
[2.064556] (phantom_control) CommandEnded: {'returncode': -2}
[2.073507] (phantom_control) StderrLine: {'line': b'Traceback (most recent call last):\n  File "/home/alejandro/.local/share/mamba/envs/ros_env/lib/python3.11/site-packages/colcon_parallel_executor/executor/parallel.py", line 75, in execute\n    loop.run_until_complete(future)\n  File "/home/alejandro/.local/share/mamba/envs/ros_env/lib/python3.11/asyncio/base_events.py", line 641, in run_until_complete\n    self.run_forever()\n  File "/home/alejandro/.local/share/mamba/envs/ros_env/lib/python3.11/asyncio/base_events.py", line 608, in run_forever\n    self._run_once()\n  File "/home/alejandro/.local/share/mamba/envs/ros_env/lib/python3.11/asyncio/base_events.py", line 1898, in _run_once\n    event_list = self._selector.select(timeout)\n                 ^^^^^^^^^^^^^^^^^^^^^^^^^^^^^^\n  File "/home/alejandro/.local/share/mamba/envs/ros_env/lib/python3.11/selectors.py", line 468, in select\n    fd_event_list = self._selector.poll(timeout, max_ev)\n                    ^^^^^^^^^^^^^^^^^^^^^^^^^^^^^^^^^^^^\nKeyboardInterrupt\n\nDuring handling of the above exception, another exception occurred:\n\nTraceback (most recent call last):\n  File "/home/alejandro/.local/share/mamba/envs/ros_env/lib/python3.11/site-packages/colcon_core/executor/__init__.py", line 91, in __call__\n    rc = await self.task(*args, **kwargs)\n         ^^^^^^^^^^^^^^^^^^^^^^^^^^^^^^^^\n  File "/home/alejandro/.local/share/mamba/envs/ros_env/lib/python3.11/site-packages/colcon_core/task/__init__.py", line 93, in __call__\n    return await task_method(*args, **kwargs)\n           ^^^^^^^^^^^^^^^^^^^^^^^^^^^^^^^^^^\n  File "/home/alejandro/.local/share/mamba/envs/ros_env/lib/python3.11/site-packages/colcon_ros/task/ament_cmake/build.py", line 59, in build\n    rc = await extension.build(\n         ^^^^^^^^^^^^^^^^^^^^^^\n  File "/home/alejandro/.local/share/mamba/envs/ros_env/lib/python3.11/site-packages/colcon_cmake/task/cmake/build.py", line 87, in build\n    rc = await self._reconfigure(args, env)\n         ^^^^^^^^^^^^^^^^^^^^^^^^^^^^^^^^^^\n  File "/home/alejandro/.local/share/mamba/envs/ros_env/lib/python3.11/site-packages/colcon_cmake/task/cmake/build.py", line 182, in _reconfigure\n    buildfile = get_buildfile(cmake_cache)\n                ^^^^^^^^^^^^^^^^^^^^^^^^^^\n  File "/home/alejandro/.local/share/mamba/envs/ros_env/lib/python3.11/site-packages/colcon_cmake/task/cmake/__init__.py", line 114, in get_buildfile\n    if \'Visual Studio\' in generator:\n       ^^^^^^^^^^^^^^^^^^^^^^^^^^^^\nTypeError: argument of type \'NoneType\' is not iterable\n'}
[2.074658] (phantom_control) JobEnded: {'identifier': 'phantom_control', 'rc': 'SIGINT'}
[2.076478] (phantom_description) CommandEnded: {'returncode': -2}
[2.076939] (phantom_description) StderrLine: {'line': b'Traceback (most recent call last):\n  File "/home/alejandro/.local/share/mamba/envs/ros_env/lib/python3.11/site-packages/colcon_parallel_executor/executor/parallel.py", line 75, in execute\n    loop.run_until_complete(future)\n  File "/home/alejandro/.local/share/mamba/envs/ros_env/lib/python3.11/asyncio/base_events.py", line 641, in run_until_complete\n    self.run_forever()\n  File "/home/alejandro/.local/share/mamba/envs/ros_env/lib/python3.11/asyncio/base_events.py", line 608, in run_forever\n    self._run_once()\n  File "/home/alejandro/.local/share/mamba/envs/ros_env/lib/python3.11/asyncio/base_events.py", line 1898, in _run_once\n    event_list = self._selector.select(timeout)\n                 ^^^^^^^^^^^^^^^^^^^^^^^^^^^^^^\n  File "/home/alejandro/.local/share/mamba/envs/ros_env/lib/python3.11/selectors.py", line 468, in select\n    fd_event_list = self._selector.poll(timeout, max_ev)\n                    ^^^^^^^^^^^^^^^^^^^^^^^^^^^^^^^^^^^^\nKeyboardInterrupt\n\nDuring handling of the above exception, another exception occurred:\n\nTraceback (most recent call last):\n  File "/home/alejandro/.local/share/mamba/envs/ros_env/lib/python3.11/site-packages/colcon_core/executor/__init__.py", line 91, in __call__\n    rc = await self.task(*args, **kwargs)\n         ^^^^^^^^^^^^^^^^^^^^^^^^^^^^^^^^\n  File "/home/alejandro/.local/share/mamba/envs/ros_env/lib/python3.11/site-packages/colcon_core/task/__init__.py", line 93, in __call__\n    return await task_method(*args, **kwargs)\n           ^^^^^^^^^^^^^^^^^^^^^^^^^^^^^^^^^^\n  File "/home/alejandro/.local/share/mamba/envs/ros_env/lib/python3.11/site-packages/colcon_ros/task/ament_cmake/build.py", line 59, in build\n    rc = await extension.build(\n         ^^^^^^^^^^^^^^^^^^^^^^\n  File "/home/alejandro/.local/share/mamba/envs/ros_env/lib/python3.11/site-packages/colcon_cmake/task/cmake/build.py", line 87, in build\n    rc = await self._reconfigure(args, env)\n         ^^^^^^^^^^^^^^^^^^^^^^^^^^^^^^^^^^\n  File "/home/alejandro/.local/share/mamba/envs/ros_env/lib/python3.11/site-packages/colcon_cmake/task/cmake/build.py", line 182, in _reconfigure\n    buildfile = get_buildfile(cmake_cache)\n                ^^^^^^^^^^^^^^^^^^^^^^^^^^\n  File "/home/alejandro/.local/share/mamba/envs/ros_env/lib/python3.11/site-packages/colcon_cmake/task/cmake/__init__.py", line 114, in get_buildfile\n    if \'Visual Studio\' in generator:\n       ^^^^^^^^^^^^^^^^^^^^^^^^^^^^\nTypeError: argument of type \'NoneType\' is not iterable\n'}
[2.077076] (phantom_description) JobEnded: {'identifier': 'phantom_description', 'rc': 'SIGINT'}
[2.077342] (phantom_coppelia) CommandEnded: {'returncode': -2}
[2.077743] (phantom_coppelia) StderrLine: {'line': b'Traceback (most recent call last):\n  File "/home/alejandro/.local/share/mamba/envs/ros_env/lib/python3.11/site-packages/colcon_parallel_executor/executor/parallel.py", line 75, in execute\n    loop.run_until_complete(future)\n  File "/home/alejandro/.local/share/mamba/envs/ros_env/lib/python3.11/asyncio/base_events.py", line 641, in run_until_complete\n    self.run_forever()\n  File "/home/alejandro/.local/share/mamba/envs/ros_env/lib/python3.11/asyncio/base_events.py", line 608, in run_forever\n    self._run_once()\n  File "/home/alejandro/.local/share/mamba/envs/ros_env/lib/python3.11/asyncio/base_events.py", line 1898, in _run_once\n    event_list = self._selector.select(timeout)\n                 ^^^^^^^^^^^^^^^^^^^^^^^^^^^^^^\n  File "/home/alejandro/.local/share/mamba/envs/ros_env/lib/python3.11/selectors.py", line 468, in select\n    fd_event_list = self._selector.poll(timeout, max_ev)\n                    ^^^^^^^^^^^^^^^^^^^^^^^^^^^^^^^^^^^^\nKeyboardInterrupt\n\nDuring handling of the above exception, another exception occurred:\n\nTraceback (most recent call last):\n  File "/home/alejandro/.local/share/mamba/envs/ros_env/lib/python3.11/site-packages/colcon_core/executor/__init__.py", line 91, in __call__\n    rc = await self.task(*args, **kwargs)\n         ^^^^^^^^^^^^^^^^^^^^^^^^^^^^^^^^\n  File "/home/alejandro/.local/share/mamba/envs/ros_env/lib/python3.11/site-packages/colcon_core/task/__init__.py", line 93, in __call__\n    return await task_method(*args, **kwargs)\n           ^^^^^^^^^^^^^^^^^^^^^^^^^^^^^^^^^^\n  File "/home/alejandro/.local/share/mamba/envs/ros_env/lib/python3.11/site-packages/colcon_ros/task/ament_cmake/build.py", line 59, in build\n    rc = await extension.build(\n         ^^^^^^^^^^^^^^^^^^^^^^\n  File "/home/alejandro/.local/share/mamba/envs/ros_env/lib/python3.11/site-packages/colcon_cmake/task/cmake/build.py", line 87, in build\n    rc = await self._reconfigure(args, env)\n         ^^^^^^^^^^^^^^^^^^^^^^^^^^^^^^^^^^\n  File "/home/alejandro/.local/share/mamba/envs/ros_env/lib/python3.11/site-packages/colcon_cmake/task/cmake/build.py", line 182, in _reconfigure\n    buildfile = get_buildfile(cmake_cache)\n                ^^^^^^^^^^^^^^^^^^^^^^^^^^\n  File "/home/alejandro/.local/share/mamba/envs/ros_env/lib/python3.11/site-packages/colcon_cmake/task/cmake/__init__.py", line 114, in get_buildfile\n    if \'Visual Studio\' in generator:\n       ^^^^^^^^^^^^^^^^^^^^^^^^^^^^\nTypeError: argument of type \'NoneType\' is not iterable\n'}
[2.077854] (phantom_coppelia) JobEnded: {'identifier': 'phantom_coppelia', 'rc': 'SIGINT'}
[2.078093] (phantom_vision) CommandEnded: {'returncode': -2}
[2.078530] (phantom_vision) StderrLine: {'line': b'Traceback (most recent call last):\n  File "/home/alejandro/.local/share/mamba/envs/ros_env/lib/python3.11/site-packages/colcon_parallel_executor/executor/parallel.py", line 75, in execute\n    loop.run_until_complete(future)\n  File "/home/alejandro/.local/share/mamba/envs/ros_env/lib/python3.11/asyncio/base_events.py", line 641, in run_until_complete\n    self.run_forever()\n  File "/home/alejandro/.local/share/mamba/envs/ros_env/lib/python3.11/asyncio/base_events.py", line 608, in run_forever\n    self._run_once()\n  File "/home/alejandro/.local/share/mamba/envs/ros_env/lib/python3.11/asyncio/base_events.py", line 1898, in _run_once\n    event_list = self._selector.select(timeout)\n                 ^^^^^^^^^^^^^^^^^^^^^^^^^^^^^^\n  File "/home/alejandro/.local/share/mamba/envs/ros_env/lib/python3.11/selectors.py", line 468, in select\n    fd_event_list = self._selector.poll(timeout, max_ev)\n                    ^^^^^^^^^^^^^^^^^^^^^^^^^^^^^^^^^^^^\nKeyboardInterrupt\n\nDuring handling of the above exception, another exception occurred:\n\nTraceback (most recent call last):\n  File "/home/alejandro/.local/share/mamba/envs/ros_env/lib/python3.11/site-packages/colcon_core/executor/__init__.py", line 91, in __call__\n    rc = await self.task(*args, **kwargs)\n         ^^^^^^^^^^^^^^^^^^^^^^^^^^^^^^^^\n  File "/home/alejandro/.local/share/mamba/envs/ros_env/lib/python3.11/site-packages/colcon_core/task/__init__.py", line 93, in __call__\n    return await task_method(*args, **kwargs)\n           ^^^^^^^^^^^^^^^^^^^^^^^^^^^^^^^^^^\n  File "/home/alejandro/.local/share/mamba/envs/ros_env/lib/python3.11/site-packages/colcon_ros/task/ament_cmake/build.py", line 59, in build\n    rc = await extension.build(\n         ^^^^^^^^^^^^^^^^^^^^^^\n  File "/home/alejandro/.local/share/mamba/envs/ros_env/lib/python3.11/site-packages/colcon_cmake/task/cmake/build.py", line 87, in build\n    rc = await self._reconfigure(args, env)\n         ^^^^^^^^^^^^^^^^^^^^^^^^^^^^^^^^^^\n  File "/home/alejandro/.local/share/mamba/envs/ros_env/lib/python3.11/site-packages/colcon_cmake/task/cmake/build.py", line 182, in _reconfigure\n    buildfile = get_buildfile(cmake_cache)\n                ^^^^^^^^^^^^^^^^^^^^^^^^^^\n  File "/home/alejandro/.local/share/mamba/envs/ros_env/lib/python3.11/site-packages/colcon_cmake/task/cmake/__init__.py", line 114, in get_buildfile\n    if \'Visual Studio\' in generator:\n       ^^^^^^^^^^^^^^^^^^^^^^^^^^^^\nTypeError: argument of type \'NoneType\' is not iterable\n'}
[2.078683] (phantom_vision) JobEnded: {'identifier': 'phantom_vision', 'rc': 'SIGINT'}
[2.087192] (-) EventReactorShutdown: {}
